#
# There is insufficient memory for the Java Runtime Environment to continue.
# Native memory allocation (malloc) failed to allocate 368096 bytes for Chunk::new
# Possible reasons:
#   The system is out of physical RAM or swap space
#   In 32 bit mode, the process size limit was hit
# Possible solutions:
#   Reduce memory load on the system
#   Increase physical memory or swap space
#   Check if swap backing store is full
#   Use 64 bit Java on a 64 bit OS
#   Decrease Java heap size (-Xmx/-Xms)
#   Decrease number of Java threads
#   Decrease Java thread stack sizes (-Xss)
#   Set larger code cache with -XX:ReservedCodeCacheSize=
# This output file may be truncated or incomplete.
#
#  Out of Memory Error (allocation.cpp:390), pid=10224, tid=12088
#
# JRE version: Java(TM) SE Runtime Environment (8.0_40-b26) (build 1.8.0_40-b26)
# Java VM: Java HotSpot(TM) 64-Bit Server VM (25.40-b25 mixed mode windows-amd64 compressed oops)
# Failed to write core dump. Minidumps are not enabled by default on client versions of Windows
#

---------------  T H R E A D  ---------------

Current thread (0x0000000015216800):  JavaThread "C2 CompilerThread1" daemon [_thread_in_native, id=12088, stack(0x0000000016860000,0x0000000016960000)]

Stack: [0x0000000016860000,0x0000000016960000]
Native frames: (J=compiled Java code, j=interpreted, Vv=VM code, C=native code)
V  [jvm.dll+0x32b47a]


Current CompileTask:
C2:  17553 6031       4       java.time.format.DateTimeFormatterBuilder$CompositePrinterParser::parse (135 bytes)


---------------  P R O C E S S  ---------------

Java Threads: ( => current thread )
  0x0000000019938000 JavaThread "pool-3-thread-6" [_thread_blocked, id=11596, stack(0x0000000021320000,0x0000000021420000)]
  0x000000001e3e1000 JavaThread "pool-3-thread-5" [_thread_blocked, id=10896, stack(0x0000000021220000,0x0000000021320000)]
  0x000000001e3e0800 JavaThread "pool-3-thread-4" [_thread_blocked, id=11788, stack(0x0000000021120000,0x0000000021220000)]
  0x000000001e3df800 JavaThread "pool-3-thread-3" [_thread_blocked, id=11720, stack(0x0000000020e00000,0x0000000020f00000)]
  0x0000000019ba7000 JavaThread "pool-3-thread-2" [_thread_in_Java, id=11668, stack(0x000000001d480000,0x000000001d580000)]
  0x000000001b12a000 JavaThread "pool-3-thread-1" [_thread_blocked, id=11664, stack(0x000000001a9d0000,0x000000001aad0000)]
  0x000000001981b800 JavaThread "Log4j2-TF-1-AsyncLogger[AsyncContext@1e397ed7]-1" daemon [_thread_blocked, id=9512, stack(0x000000001a8d0000,0x000000001a9d0000)]
  0x0000000015264800 JavaThread "Service Thread" daemon [_thread_blocked, id=3612, stack(0x0000000016e60000,0x0000000016f60000)]
  0x0000000015219800 JavaThread "C1 CompilerThread2" daemon [_thread_blocked, id=4652, stack(0x0000000016960000,0x0000000016a60000)]
=>0x0000000015216800 JavaThread "C2 CompilerThread1" daemon [_thread_in_native, id=12088, stack(0x0000000016860000,0x0000000016960000)]
  0x0000000015210000 JavaThread "C2 CompilerThread0" daemon [_thread_in_native, id=5648, stack(0x0000000016760000,0x0000000016860000)]
  0x000000001520e000 JavaThread "Attach Listener" daemon [_thread_blocked, id=8252, stack(0x0000000016660000,0x0000000016760000)]
  0x000000001520d000 JavaThread "Signal Dispatcher" daemon [_thread_blocked, id=4852, stack(0x0000000016560000,0x0000000016660000)]
  0x00000000029b9800 JavaThread "Finalizer" daemon [_thread_blocked, id=10640, stack(0x0000000016460000,0x0000000016560000)]
  0x00000000029b1000 JavaThread "Reference Handler" daemon [_thread_blocked, id=4184, stack(0x0000000016360000,0x0000000016460000)]
  0x0000000002c9e800 JavaThread "main" [_thread_blocked, id=1876, stack(0x00000000026f0000,0x00000000027f0000)]

Other Threads:
  0x00000000151d8000 VMThread [stack: 0x0000000016260000,0x0000000016360000] [id=5940]
  0x0000000015265000 WatcherThread [stack: 0x0000000016f60000,0x0000000017060000] [id=11380]

VM state:not at safepoint (normal execution)

VM Mutex/Monitor currently owned by a thread: None

Heap:
 PSYoungGen      total 190464K, used 38756K [0x00000000eab00000, 0x00000000fb900000, 0x0000000100000000)
  eden space 168960K, 10% used [0x00000000eab00000,0x00000000ebbe10a8,0x00000000f5000000)
  from space 21504K, 99% used [0x00000000f5000000,0x00000000f64f8020,0x00000000f6500000)
  to   space 32256K, 0% used [0x00000000f9980000,0x00000000f9980000,0x00000000fb900000)
 ParOldGen       total 599552K, used 37441K [0x00000000c0000000, 0x00000000e4980000, 0x00000000eab00000)
  object space 599552K, 6% used [0x00000000c0000000,0x00000000c24904b8,0x00000000e4980000)
 Metaspace       used 58348K, capacity 65316K, committed 65408K, reserved 1105920K
  class space    used 8185K, capacity 8566K, committed 8576K, reserved 1048576K

Card table byte_map: [0x0000000012060000,0x0000000012270000] byte_map_base: 0x0000000011a60000

Marking Bits: (ParMarkBitMap*) 0x0000000066984040
 Begin Bits: [0x0000000012670000, 0x0000000013670000)
 End Bits:   [0x0000000013670000, 0x0000000014670000)

Polling page: 0x0000000000f40000

CodeCache: size=245760Kb used=14256Kb max_used=14256Kb free=231503Kb
 bounds [0x0000000002ca0000, 0x0000000003aa0000, 0x0000000011ca0000]
 total_blobs=5984 nmethods=5405 adapters=489
 compilation: enabled

Compilation events (10 events):
Event: 17.535 Thread 0x0000000015219800 nmethod 6044 0x0000000003a87850 code [0x0000000003a87be0, 0x0000000003a89b58]
Event: 17.535 Thread 0x0000000015219800 6045       3       java.time.format.Parsed::crossCheck (67 bytes)
Event: 17.535 Thread 0x0000000015219800 nmethod 6045 0x0000000003a6d710 code [0x0000000003a6d8c0, 0x0000000003a6dd48]
Event: 17.535 Thread 0x0000000015219800 6046       3       java.time.LocalDateTime::isSupported (52 bytes)
Event: 17.536 Thread 0x0000000015219800 nmethod 6046 0x0000000003a6c790 code [0x0000000003a6c960, 0x0000000003a6d508]
Event: 17.536 Thread 0x0000000015219800 6047       3       java.time.format.Parsed::resolvePeriod (49 bytes)
Event: 17.536 Thread 0x0000000015219800 nmethod 6047 0x0000000003a6c090 code [0x0000000003a6c220, 0x0000000003a6c688]
Event: 17.536 Thread 0x0000000015219800 6048       3       java.time.Period::isZero (13 bytes)
Event: 17.536 Thread 0x0000000015219800 nmethod 6048 0x0000000003a58090 code [0x0000000003a581e0, 0x0000000003a58390]
Event: 17.536 Thread 0x0000000015219800 6049       3       java.time.format.Parsed::resolveFractional (183 bytes)

GC Heap History (10 events):
Event: 3.490 GC heap before
{Heap before GC invocations=4 (full 2):
 PSYoungGen      total 153088K, used 13220K [0x00000000eab00000, 0x00000000f8680000, 0x0000000100000000)
  eden space 131584K, 0% used [0x00000000eab00000,0x00000000eab00000,0x00000000f2b80000)
  from space 21504K, 61% used [0x00000000f4080000,0x00000000f4d69318,0x00000000f5580000)
  to   space 21504K, 0% used [0x00000000f2b80000,0x00000000f2b80000,0x00000000f4080000)
 ParOldGen       total 349696K, used 14669K [0x00000000c0000000, 0x00000000d5580000, 0x00000000eab00000)
  object space 349696K, 4% used [0x00000000c0000000,0x00000000c0e53740,0x00000000d5580000)
 Metaspace       used 33634K, capacity 35378K, committed 35416K, reserved 1079296K
  class space    used 4772K, capacity 4955K, committed 4992K, reserved 1048576K
Event: 3.568 GC heap after
Heap after GC invocations=4 (full 2):
 PSYoungGen      total 153088K, used 0K [0x00000000eab00000, 0x00000000f8680000, 0x0000000100000000)
  eden space 131584K, 0% used [0x00000000eab00000,0x00000000eab00000,0x00000000f2b80000)
  from space 21504K, 0% used [0x00000000f4080000,0x00000000f4080000,0x00000000f5580000)
  to   space 21504K, 0% used [0x00000000f2b80000,0x00000000f2b80000,0x00000000f4080000)
 ParOldGen       total 412672K, used 18435K [0x00000000c0000000, 0x00000000d9300000, 0x00000000eab00000)
  object space 412672K, 4% used [0x00000000c0000000,0x00000000c1200fd0,0x00000000d9300000)
 Metaspace       used 33634K, capacity 35378K, committed 35416K, reserved 1079296K
  class space    used 4772K, capacity 4955K, committed 4992K, reserved 1048576K
}
Event: 6.281 GC heap before
{Heap before GC invocations=5 (full 2):
 PSYoungGen      total 153088K, used 131584K [0x00000000eab00000, 0x00000000f8680000, 0x0000000100000000)
  eden space 131584K, 100% used [0x00000000eab00000,0x00000000f2b80000,0x00000000f2b80000)
  from space 21504K, 0% used [0x00000000f4080000,0x00000000f4080000,0x00000000f5580000)
  to   space 21504K, 0% used [0x00000000f2b80000,0x00000000f2b80000,0x00000000f4080000)
 ParOldGen       total 412672K, used 18435K [0x00000000c0000000, 0x00000000d9300000, 0x00000000eab00000)
  object space 412672K, 4% used [0x00000000c0000000,0x00000000c1200fd0,0x00000000d9300000)
 Metaspace       used 49982K, capacity 53566K, committed 53888K, reserved 1095680K
  class space    used 6639K, capacity 6918K, committed 7040K, reserved 1048576K
Event: 6.312 GC heap after
Heap after GC invocations=5 (full 2):
 PSYoungGen      total 153088K, used 21477K [0x00000000eab00000, 0x00000000f7a00000, 0x0000000100000000)
  eden space 131584K, 0% used [0x00000000eab00000,0x00000000eab00000,0x00000000f2b80000)
  from space 21504K, 99% used [0x00000000f2b80000,0x00000000f4079420,0x00000000f4080000)
  to   space 21504K, 0% used [0x00000000f6500000,0x00000000f6500000,0x00000000f7a00000)
 ParOldGen       total 412672K, used 25384K [0x00000000c0000000, 0x00000000d9300000, 0x00000000eab00000)
  object space 412672K, 6% used [0x00000000c0000000,0x00000000c18ca090,0x00000000d9300000)
 Metaspace       used 49982K, capacity 53566K, committed 53888K, reserved 1095680K
  class space    used 6639K, capacity 6918K, committed 7040K, reserved 1048576K
}
Event: 7.306 GC heap before
{Heap before GC invocations=6 (full 2):
 PSYoungGen      total 153088K, used 47348K [0x00000000eab00000, 0x00000000f7a00000, 0x0000000100000000)
  eden space 131584K, 19% used [0x00000000eab00000,0x00000000ec443d88,0x00000000f2b80000)
  from space 21504K, 99% used [0x00000000f2b80000,0x00000000f4079420,0x00000000f4080000)
  to   space 21504K, 0% used [0x00000000f6500000,0x00000000f6500000,0x00000000f7a00000)
 ParOldGen       total 412672K, used 25384K [0x00000000c0000000, 0x00000000d9300000, 0x00000000eab00000)
  object space 412672K, 6% used [0x00000000c0000000,0x00000000c18ca090,0x00000000d9300000)
 Metaspace       used 53428K, capacity 58918K, committed 59028K, reserved 1101824K
  class space    used 7363K, capacity 7700K, committed 7808K, reserved 1048576K
Event: 7.339 GC heap after
Heap after GC invocations=6 (full 2):
 PSYoungGen      total 190464K, used 21375K [0x00000000eab00000, 0x00000000f8400000, 0x0000000100000000)
  eden space 168960K, 0% used [0x00000000eab00000,0x00000000eab00000,0x00000000f5000000)
  from space 21504K, 99% used [0x00000000f6500000,0x00000000f79dfec0,0x00000000f7a00000)
  to   space 21504K, 0% used [0x00000000f5000000,0x00000000f5000000,0x00000000f6500000)
 ParOldGen       total 412672K, used 25392K [0x00000000c0000000, 0x00000000d9300000, 0x00000000eab00000)
  object space 412672K, 6% used [0x00000000c0000000,0x00000000c18cc090,0x00000000d9300000)
 Metaspace       used 53428K, capacity 58918K, committed 59028K, reserved 1101824K
  class space    used 7363K, capacity 7700K, committed 7808K, reserved 1048576K
}
Event: 7.339 GC heap before
{Heap before GC invocations=7 (full 3):
 PSYoungGen      total 190464K, used 21375K [0x00000000eab00000, 0x00000000f8400000, 0x0000000100000000)
  eden space 168960K, 0% used [0x00000000eab00000,0x00000000eab00000,0x00000000f5000000)
  from space 21504K, 99% used [0x00000000f6500000,0x00000000f79dfec0,0x00000000f7a00000)
  to   space 21504K, 0% used [0x00000000f5000000,0x00000000f5000000,0x00000000f6500000)
 ParOldGen       total 412672K, used 25392K [0x00000000c0000000, 0x00000000d9300000, 0x00000000eab00000)
  object space 412672K, 6% used [0x00000000c0000000,0x00000000c18cc090,0x00000000d9300000)
 Metaspace       used 53428K, capacity 58918K, committed 59028K, reserved 1101824K
  class space    used 7363K, capacity 7700K, committed 7808K, reserved 1048576K
Event: 7.590 GC heap after
Heap after GC invocations=7 (full 3):
 PSYoungGen      total 190464K, used 0K [0x00000000eab00000, 0x00000000f8400000, 0x0000000100000000)
  eden space 168960K, 0% used [0x00000000eab00000,0x00000000eab00000,0x00000000f5000000)
  from space 21504K, 0% used [0x00000000f6500000,0x00000000f6500000,0x00000000f7a00000)
  to   space 21504K, 0% used [0x00000000f5000000,0x00000000f5000000,0x00000000f6500000)
 ParOldGen       total 599552K, used 31602K [0x00000000c0000000, 0x00000000e4980000, 0x00000000eab00000)
  object space 599552K, 5% used [0x00000000c0000000,0x00000000c1edc848,0x00000000e4980000)
 Metaspace       used 53423K, capacity 58906K, committed 59028K, reserved 1101824K
  class space    used 7362K, capacity 7696K, committed 7808K, reserved 1048576K
}
Event: 17.324 GC heap before
{Heap before GC invocations=8 (full 3):
 PSYoungGen      total 190464K, used 168960K [0x00000000eab00000, 0x00000000f8400000, 0x0000000100000000)
  eden space 168960K, 100% used [0x00000000eab00000,0x00000000f5000000,0x00000000f5000000)
  from space 21504K, 0% used [0x00000000f6500000,0x00000000f6500000,0x00000000f7a00000)
  to   space 21504K, 0% used [0x00000000f5000000,0x00000000f5000000,0x00000000f6500000)
 ParOldGen       total 599552K, used 31602K [0x00000000c0000000, 0x00000000e4980000, 0x00000000eab00000)
  object space 599552K, 5% used [0x00000000c0000000,0x00000000c1edc848,0x00000000e4980000)
 Metaspace       used 58265K, capacity 65240K, committed 65408K, reserved 1105920K
  class space    used 8185K, capacity 8566K, committed 8576K, reserved 1048576K
Event: 17.383 GC heap after
Heap after GC invocations=8 (full 3):
 PSYoungGen      total 190464K, used 21472K [0x00000000eab00000, 0x00000000fb900000, 0x0000000100000000)
  eden space 168960K, 0% used [0x00000000eab00000,0x00000000eab00000,0x00000000f5000000)
  from space 21504K, 99% used [0x00000000f5000000,0x00000000f64f8020,0x00000000f6500000)
  to   space 32256K, 0% used [0x00000000f9980000,0x00000000f9980000,0x00000000fb900000)
 ParOldGen       total 599552K, used 37441K [0x00000000c0000000, 0x00000000e4980000, 0x00000000eab00000)
  object space 599552K, 6% used [0x00000000c0000000,0x00000000c24904b8,0x00000000e4980000)
 Metaspace       used 58265K, capacity 65240K, committed 65408K, reserved 1105920K
  class space    used 8185K, capacity 8566K, committed 8576K, reserved 1048576K
}

Deoptimization events (10 events):
Event: 16.155 Thread 0x0000000019ba7000 Uncommon trap: reason=unstable_if action=reinterpret pc=0x0000000002ff22a8 method=java.util.HashMap.hash(Ljava/lang/Object;)I @ 1
Event: 16.223 Thread 0x0000000019ba7000 Uncommon trap: reason=unstable_if action=reinterpret pc=0x000000000342c06c method=sun.util.calendar.ZoneInfo.getOffsets(J[II)I @ 4
Event: 16.226 Thread 0x0000000019ba7000 Uncommon trap: reason=unstable_if action=reinterpret pc=0x0000000003600568 method=sun.util.calendar.ZoneInfo.getOffsets(J[II)I @ 4
Event: 16.380 Thread 0x0000000019ba7000 Uncommon trap: reason=class_check action=maybe_recompile pc=0x00000000035fbb98 method=scala.collection.mutable.HashTable.index(I)I @ 1
Event: 16.380 Thread 0x0000000019ba7000 Uncommon trap: reason=class_check action=maybe_recompile pc=0x00000000035fbb98 method=scala.collection.mutable.HashTable.index(I)I @ 1
Event: 16.574 Thread 0x0000000019ba7000 Uncommon trap: reason=array_check action=maybe_recompile pc=0x0000000003902768 method=scala.collection.mutable.ArrayBuilder$ofRef.$plus$eq(Ljava/lang/Object;)Lscala/collection/mutable/ArrayBuilder$ofRef; @ 19
Event: 16.574 Thread 0x0000000019ba7000 Uncommon trap: reason=array_check action=maybe_recompile pc=0x0000000003902768 method=scala.collection.mutable.ArrayBuilder$ofRef.$plus$eq(Ljava/lang/Object;)Lscala/collection/mutable/ArrayBuilder$ofRef; @ 19
Event: 16.574 Thread 0x0000000019ba7000 Uncommon trap: reason=array_check action=maybe_recompile pc=0x0000000003902768 method=scala.collection.mutable.ArrayBuilder$ofRef.$plus$eq(Ljava/lang/Object;)Lscala/collection/mutable/ArrayBuilder$ofRef; @ 19
Event: 16.574 Thread 0x0000000019ba7000 Uncommon trap: reason=array_check action=maybe_recompile pc=0x0000000003902768 method=scala.collection.mutable.ArrayBuilder$ofRef.$plus$eq(Ljava/lang/Object;)Lscala/collection/mutable/ArrayBuilder$ofRef; @ 19
Event: 17.388 Thread 0x00000000029b9800 Uncommon trap: reason=unstable_if action=reinterpret pc=0x00000000039f8e20 method=java.util.HashMap$HashIterator.<init>(Ljava/util/HashMap;)V @ 45

Internal exceptions (10 events):
Event: 8.711 Thread 0x0000000019ba7000 Exception <a 'java/lang/NoSuchMethodError': java.lang.Object.$anonfun$fromJson$1(Lsjsonnew/SupportConverter;Ljava/lang/Object;Lsjsonnew/JsonReader;)Ljava/lang/Object;> (0x00000000ee523640) thrown at [D:\re\workspace\8-2-build-windows-amd64-cygwin\jdk8u40\31,_[q!@
Event: 8.721 Thread 0x0000000019ba7000 Exception <a 'java/lang/NoSuchMethodError': java.lang.Object.$anonfun$hash$1(Lsjsonnew/SupportHasher;Ljava/lang/Object;Lsjsonnew/HashWriter;)Ljava/lang/Object;> (0x00000000ee597628) thrown at [D:\re\workspace\8-2-build-windows-amd64-cygwin\jdk8u40\3098\hot∆Ñòªë!@
Event: 8.783 Thread 0x0000000019ba7000 Exception <a 'java/lang/NoSuchMethodError': java.lang.Object.$anonfun$occCounts$1$adapted(Lscala/collection/mutable/HashMap;Ljava/lang/Object;)Ljava/lang/Object;> (0x00000000ee72f1b0) thrown at [D:\re\workspace\8-2-build-windows-amd64-cygwin\jdk8u40\3098\h |Ogë!@
Event: 8.784 Thread 0x0000000019ba7000 Exception <a 'java/lang/NoSuchMethodError': java.lang.Object.$anonfun$diff$1(Lscala/collection/mutable/Map;Lscala/collection/mutable/Builder;Ljava/lang/Object;)Ljava/lang/Object;> (0x00000000ee733068) thrown at [D:\re\workspace\8-2-build-windows-amd64-cygw;YgaﬁÏ!@
Event: 8.963 Thread 0x0000000019ba7000 Exception <a 'java/lang/NoSuchMethodError': java.lang.Object.$anonfun$LogicalClockFormat$1(Lsbt/librarymanagement/LogicalClock;)Ljava/lang/String;> (0x00000000eef22328) thrown at [D:\re\workspace\8-2-build-windows-amd64-cygwin\jdk8u40\3098\hotspot\src\shar€≈I%Ì!@
Event: 8.963 Thread 0x0000000019ba7000 Exception <a 'java/lang/NoSuchMethodError': java.lang.Object.$anonfun$LogicalClockFormat$2(Ljava/lang/String;)Lsbt/librarymanagement/LogicalClock;> (0x00000000eef27d50) thrown at [D:\re\workspace\8-2-build-windows-amd64-cygwin\jdk8u40\3098\hotspot\src\sharúq °'0@
Event: 16.155 Thread 0x0000000019ba7000 Implicit null exception at 0x0000000003004a5b to 0x0000000003004fc5
Event: 16.155 Thread 0x0000000019ba7000 Implicit null exception at 0x0000000002ff222f to 0x0000000002ff2299
Event: 16.223 Thread 0x0000000019ba7000 Implicit null exception at 0x000000000342be18 to 0x000000000342c051
Event: 16.226 Thread 0x0000000019ba7000 Implicit null exception at 0x00000000036001d5 to 0x0000000003600545

Events (10 events):
Event: 17.174 loading class sbt/librarymanagement/ConfigurationReport done
Event: 17.175 loading class sbt/librarymanagement/ConfigurationReportExtra
Event: 17.175 loading class sbt/librarymanagement/ConfigurationReportExtra done
Event: 17.324 Executing VM operation: ParallelGCFailedAllocation
Event: 17.383 Executing VM operation: ParallelGCFailedAllocation done
Event: 17.387 Executing VM operation: BulkRevokeBias
Event: 17.387 Executing VM operation: BulkRevokeBias done
Event: 17.388 Thread 0x00000000029b9800 Uncommon trap: trap_request=0xffffff65 fr.pc=0x00000000039f8e20
Event: 17.388 Thread 0x00000000029b9800 DEOPT PACKING pc=0x00000000039f8e20 sp=0x000000001655f050
Event: 17.388 Thread 0x00000000029b9800 DEOPT UNPACKING pc=0x0000000002ce582a sp=0x000000001655f000 mode 2


Dynamic libraries:
0x00007ff68a9e0000 - 0x00007ff68aa17000 	C:\Program Files\Java\jdk1.8.0_40\bin\java.exe
0x00007ffe32b60000 - 0x00007ffe32d0d000 	C:\WINDOWS\SYSTEM32\ntdll.dll
0x00007ffe30c50000 - 0x00007ffe30d8e000 	C:\WINDOWS\system32\KERNEL32.DLL
0x00007ffe30070000 - 0x00007ffe30185000 	C:\WINDOWS\system32\KERNELBASE.dll
0x00007ffe2e6f0000 - 0x00007ffe2e77e000 	C:\WINDOWS\system32\apphelp.dll
0x00007ffe1af90000 - 0x00007ffe1afe3000 	C:\WINDOWS\AppPatch\AppPatch64\AcGenral.DLL
0x00007ffe325d0000 - 0x00007ffe3267a000 	C:\WINDOWS\system32\msvcrt.dll
0x00007ffe2ff40000 - 0x00007ffe2ff6e000 	C:\WINDOWS\system32\SspiCli.dll
0x00007ffe30710000 - 0x00007ffe30764000 	C:\WINDOWS\system32\SHLWAPI.dll
0x00007ffe30ad0000 - 0x00007ffe30c47000 	C:\WINDOWS\system32\USER32.dll
0x00007ffe304a0000 - 0x00007ffe30634000 	C:\WINDOWS\system32\ole32.dll
0x00007ffe31020000 - 0x00007ffe32549000 	C:\WINDOWS\system32\SHELL32.dll
0x00007ffe2f1a0000 - 0x00007ffe2f1c1000 	C:\WINDOWS\SYSTEM32\USERENV.dll
0x00007ffe30960000 - 0x00007ffe30a0a000 	C:\WINDOWS\system32\ADVAPI32.dll
0x00007ffe235c0000 - 0x00007ffe235de000 	C:\WINDOWS\SYSTEM32\MPR.dll
0x00007ffe32680000 - 0x00007ffe327c0000 	C:\WINDOWS\system32\RPCRT4.dll
0x00007ffe30440000 - 0x00007ffe30499000 	C:\WINDOWS\SYSTEM32\sechost.dll
0x00007ffe32940000 - 0x00007ffe32b52000 	C:\WINDOWS\SYSTEM32\combase.dll
0x00007ffe327e0000 - 0x00007ffe3292b000 	C:\WINDOWS\system32\GDI32.dll
0x00007ffe2fc80000 - 0x00007ffe2fc95000 	C:\WINDOWS\SYSTEM32\profapi.dll
0x00007ffe2e0a0000 - 0x00007ffe2e152000 	C:\WINDOWS\SYSTEM32\SHCORE.dll
0x00007ffe303a0000 - 0x00007ffe303d6000 	C:\WINDOWS\system32\IMM32.DLL
0x00007ffe30e60000 - 0x00007ffe30fb1000 	C:\WINDOWS\system32\MSCTF.dll
0x00007ffe2d790000 - 0x00007ffe2da0b000 	C:\WINDOWS\WinSxS\amd64_microsoft.windows.common-controls_6595b64144ccf1df_6.0.9600.18006_none_623f33d3ecbe86e8\COMCTL32.dll
0x00007ffe2fa60000 - 0x00007ffe2fb46000 	C:\Windows\system32\guard64.dll
0x00007ffe2fa40000 - 0x00007ffe2fa4a000 	C:\WINDOWS\system32\version.dll
0x00007ffe2fa30000 - 0x00007ffe2fa3a000 	C:\WINDOWS\system32\fltlib.dll
0x0000000066a10000 - 0x0000000066ae2000 	C:\Program Files\Java\jdk1.8.0_40\jre\bin\msvcr100.dll
0x0000000066180000 - 0x0000000066a03000 	C:\Program Files\Java\jdk1.8.0_40\jre\bin\server\jvm.dll
0x00007ffe261f0000 - 0x00007ffe261f9000 	C:\WINDOWS\SYSTEM32\WSOCK32.dll
0x00007ffe277f0000 - 0x00007ffe27812000 	C:\WINDOWS\SYSTEM32\WINMM.dll
0x00007ffe30950000 - 0x00007ffe30957000 	C:\WINDOWS\system32\PSAPI.DLL
0x00007ffe30fc0000 - 0x00007ffe3101a000 	C:\WINDOWS\system32\WS2_32.dll
0x00007ffe277c0000 - 0x00007ffe277ea000 	C:\WINDOWS\SYSTEM32\WINMMBASE.dll
0x00007ffe32930000 - 0x00007ffe32939000 	C:\WINDOWS\system32\NSI.dll
0x00007ffe30020000 - 0x00007ffe3006f000 	C:\WINDOWS\SYSTEM32\cfgmgr32.dll
0x00007ffe2e960000 - 0x00007ffe2e988000 	C:\WINDOWS\SYSTEM32\DEVOBJ.dll
0x0000000067500000 - 0x000000006750f000 	C:\Program Files\Java\jdk1.8.0_40\jre\bin\verify.dll
0x0000000066150000 - 0x0000000066179000 	C:\Program Files\Java\jdk1.8.0_40\jre\bin\java.dll
0x0000000066130000 - 0x0000000066146000 	C:\Program Files\Java\jdk1.8.0_40\jre\bin\zip.dll
0x0000000066110000 - 0x000000006612a000 	C:\Program Files\Java\jdk1.8.0_40\jre\bin\net.dll
0x00007ffe2f460000 - 0x00007ffe2f4b9000 	C:\WINDOWS\system32\mswsock.dll
0x00000000660f0000 - 0x0000000066101000 	C:\Program Files\Java\jdk1.8.0_40\jre\bin\nio.dll
0x00007ffe2f4c0000 - 0x00007ffe2f4e0000 	C:\WINDOWS\SYSTEM32\CRYPTSP.dll
0x00007ffe2f110000 - 0x00007ffe2f146000 	C:\WINDOWS\system32\rsaenh.dll
0x00007ffe2f720000 - 0x00007ffe2f746000 	C:\WINDOWS\SYSTEM32\bcrypt.dll
0x00007ffe2fb50000 - 0x00007ffe2fbb3000 	C:\WINDOWS\system32\bcryptprimitives.dll
0x00007ffe2fbc0000 - 0x00007ffe2fbcb000 	C:\WINDOWS\SYSTEM32\CRYPTBASE.dll
0x00007ffe2a7a0000 - 0x00007ffe2a7ca000 	C:\WINDOWS\SYSTEM32\IPHLPAPI.DLL
0x00007ffe2a780000 - 0x00007ffe2a78a000 	C:\WINDOWS\SYSTEM32\WINNSI.DLL
0x00007ffe2a2e0000 - 0x00007ffe2a2f6000 	C:\WINDOWS\SYSTEM32\dhcpcsvc6.DLL
0x00007ffe2a3f0000 - 0x00007ffe2a40a000 	C:\WINDOWS\SYSTEM32\dhcpcsvc.DLL
0x00007ffe27bd0000 - 0x00007ffe27bda000 	C:\Users\Fritz\AppData\Local\Temp\jansi-64-1-4073961923311181394.11
0x00000000674f0000 - 0x00000000674fd000 	C:\Program Files\Java\jdk1.8.0_40\jre\bin\management.dll
0x00007ffe1cc70000 - 0x00007ffe1cc85000 	C:\WINDOWS\system32\napinsp.dll
0x00007ffe1cc90000 - 0x00007ffe1ccaa000 	C:\WINDOWS\system32\pnrpnsp.dll
0x00007ffe2ba30000 - 0x00007ffe2ba4b000 	C:\WINDOWS\system32\NLAapi.dll
0x00007ffe2f340000 - 0x00007ffe2f3e4000 	C:\WINDOWS\SYSTEM32\DNSAPI.dll
0x00007ffe1cce0000 - 0x00007ffe1cced000 	C:\WINDOWS\System32\winrnr.dll
0x00007ffe1cd80000 - 0x00007ffe1cd94000 	C:\WINDOWS\system32\wshbth.dll
0x0000000067410000 - 0x0000000067436000 	C:\Program Files\Bonjour\mdnsNSP.dll
0x00007ffe1d7f0000 - 0x00007ffe1d7fa000 	C:\Windows\System32\rasadhlp.dll
0x00007ffe2a380000 - 0x00007ffe2a3eb000 	C:\WINDOWS\System32\fwpuclnt.dll
0x00007ffe235e0000 - 0x00007ffe23769000 	C:\WINDOWS\SYSTEM32\dbghelp.dll

VM Arguments:
jvm_args: -Dfile.encoding=UTF8 -Djline.terminal=none -Dsbt.log.noformat=true -Dsbt.global.base=C:\Users\Fritz\AppData\Local\Temp\sbt-global-pluginstub -Xms512M -Xmx1024M -Xss1M -XX:+CMSClassUnloadingEnabled -XX:MaxPermSize=256M 
java_command: xsbt.boot.Boot project root run
java_class_path (initial): C:\Users\Fritz\.IntelliJIdea2017.2\config\plugins\Scala\launcher\sbt-launch.jar
Launcher Type: SUN_STANDARD

Environment Variables:
PATH=C:\Program Files\Java\jdk1.8.0_40\bin;C:\ProgramData\Oracle\Java\javapath;C:\Program Files (x86)\Intel\iCLS Client\;C:\Program Files\Intel\iCLS Client\;C:\WINDOWS\system32;C:\WINDOWS;C:\WINDOWS\System32\Wbem;C:\WINDOWS\System32\WindowsPowerShell\v1.0\;C:\Program Files\Intel\Intel(R) Management Engine Components\DAL;C:\Program Files\Intel\Intel(R) Management Engine Components\IPT;C:\Program Files (x86)\Intel\Intel(R) Management Engine Components\DAL;C:\Program Files (x86)\Intel\Intel(R) Management Engine Components\IPT;C:\ProgramData\Lenovo\ReadyApps;C:\Program Files\Calibre2\;C:\cygwin64\bin;C:\Program Files (x86)\Common Files\Acronis\SnapAPI\;C:\Program Files\MATLAB\R2017b\runtime\win64;C:\Program Files\MATLAB\R2017b\bin;C:\Program Files (x86)\Windows Live\Shared;C:\Program Files (x86)\QuickTime\QTSystem\;C:\Program Files (x86)\Skype\Phone\;C:\Program Files\Intel\WiFi\bin\;C:\Program Files\Common Files\Intel\WirelessCommon\;C:\Program Files (x86)\Atmel\Flip 3.3.4;C:\Program Files (x86)\Atmel\Flip 3.4.7C:\Program Files\Intel\WiFi\bin\;i:\vorlagen\sys_dlls;C:\Program Files\Git\cmd;C:\Program Files (x86)\sbt\bin;C:\Program Files (x86)\Atmel\Flip 3.3.4;C:\Program Files (x86)\Atmel\Flip 3.4.7C:\Program Files\Intel\WiFi\bin\;C:\Program Files\Common Files\Intel\WirelessCommon\
USERNAME=Fritz
OS=Windows_NT
PROCESSOR_IDENTIFIER=Intel64 Family 6 Model 69 Stepping 1, GenuineIntel



---------------  S Y S T E M  ---------------

OS: Windows 8.1 , 64 bit Build 9600 (6.3.9600.17415)

CPU:total 4 (2 cores per cpu, 2 threads per core) family 6 model 69 stepping 1, cmov, cx8, fxsr, mmx, sse, sse2, sse3, ssse3, sse4.1, sse4.2, popcnt, avx, avx2, aes, clmul, erms, lzcnt, ht, tsc, tscinvbit, bmi1, bmi2

Memory: 4k page, physical 8297264k(1606132k free), swap 12491568k(5120k free)

vm_info: Java HotSpot(TM) 64-Bit Server VM (25.40-b25) for windows-amd64 JRE (1.8.0_40-b26), built on Mar  7 2015 13:51:59 by "java_re" with MS VC++ 10.0 (VS2010)

time: Thu Dec 07 18:38:11 2017
elapsed time: 17 seconds (0d 0h 0m 17s)

