#
# There is insufficient memory for the Java Runtime Environment to continue.
# Native memory allocation (malloc) failed to allocate 32744 bytes for ChunkPool::allocate
# Possible reasons:
#   The system is out of physical RAM or swap space
#   In 32 bit mode, the process size limit was hit
# Possible solutions:
#   Reduce memory load on the system
#   Increase physical memory or swap space
#   Check if swap backing store is full
#   Use 64 bit Java on a 64 bit OS
#   Decrease Java heap size (-Xmx/-Xms)
#   Decrease number of Java threads
#   Decrease Java thread stack sizes (-Xss)
#   Set larger code cache with -XX:ReservedCodeCacheSize=
# This output file may be truncated or incomplete.
#
#  Out of Memory Error (allocation.cpp:273), pid=3788, tid=0x0000000000002f0c
#
# JRE version: Java(TM) SE Runtime Environment (8.0_144-b01) (build 1.8.0_144-b01)
# Java VM: Java HotSpot(TM) 64-Bit Server VM (25.144-b01 mixed mode windows-amd64 compressed oops)
# Failed to write core dump. Minidumps are not enabled by default on client versions of Windows
#

---------------  T H R E A D  ---------------

Current thread (0x0000000002228000):  JavaThread "main" [_thread_in_vm, id=12044, stack(0x00000000023f0000,0x00000000024f0000)]

Stack: [0x00000000023f0000,0x00000000024f0000]
[error occurred during error reporting (printing stack bounds), id 0xc0000005]

Native frames: (J=compiled Java code, j=interpreted, Vv=VM code, C=native code)

Java frames: (J=compiled Java code, j=interpreted, Vv=VM code)
J 239  java.lang.ClassLoader.defineClass1(Ljava/lang/String;[BIILjava/security/ProtectionDomain;Ljava/lang/String;)Ljava/lang/Class; (0 bytes) @ 0x000000000295961f [0x0000000002959580+0x9f]
J 237 C1 java.lang.ClassLoader.defineClass(Ljava/lang/String;[BIILjava/security/ProtectionDomain;)Ljava/lang/Class; (43 bytes) @ 0x000000000295680c [0x0000000002956240+0x5cc]
J 270 C1 java.net.URLClassLoader.defineClass(Ljava/lang/String;Lsun/misc/Resource;)Ljava/lang/Class; (142 bytes) @ 0x0000000002967f14 [0x0000000002966440+0x1ad4]
J 169 C1 java.net.URLClassLoader$1.run()Ljava/lang/Class; (63 bytes) @ 0x000000000292492c [0x0000000002924660+0x2cc]
J 168 C1 java.net.URLClassLoader$1.run()Ljava/lang/Object; (5 bytes) @ 0x000000000292120c [0x0000000002921180+0x8c]
v  ~StubRoutines::call_stub
J 126  java.security.AccessController.doPrivileged(Ljava/security/PrivilegedExceptionAction;Ljava/security/AccessControlContext;)Ljava/lang/Object; (0 bytes) @ 0x000000000290b226 [0x000000000290b1c0+0x66]
J 146 C1 java.net.URLClassLoader.findClass(Ljava/lang/String;)Ljava/lang/Class; (47 bytes) @ 0x0000000002915f44 [0x0000000002915dc0+0x184]
J 122 C1 java.lang.ClassLoader.loadClass(Ljava/lang/String;Z)Ljava/lang/Class; (122 bytes) @ 0x0000000002904e8c [0x0000000002904540+0x94c]
J 173 C1 java.lang.ClassLoader.loadClass(Ljava/lang/String;)Ljava/lang/Class; (7 bytes) @ 0x000000000292bf84 [0x000000000292be80+0x104]
v  ~StubRoutines::call_stub
j  scala.LowPriorityImplicits.wrapRefArray([Ljava/lang/Object;)Lscala/collection/mutable/WrappedArray;+19
j  sbt.internal.CommandStrings$.<init>()V+99
j  sbt.internal.CommandStrings$.<clinit>()V+3
v  ~StubRoutines::call_stub
j  sbt.BuiltinCommands$.defaults()Lsbt/Command;+3
j  sbt.xMain.run(Lxsbti/AppConfiguration;)Lxsbti/MainResult;+19
j  xsbt.boot.Launch$$anonfun$run$1.apply()Ljava/lang/Object;+10
j  xsbt.boot.Launch$.withContextLoader(Ljava/lang/ClassLoader;Lscala/Function0;)Ljava/lang/Object;+15
j  xsbt.boot.Launch$.run(Lxsbti/Launcher;Lxsbt/boot/RunConfiguration;)Lxsbti/MainResult;+97
j  xsbt.boot.Launch$$anonfun$apply$1.apply(Ljava/lang/Object;)Ljava/lang/Object;+16
j  xsbt.boot.Launch$.launch(Lscala/Function1;Lxsbt/boot/RunConfiguration;)Lscala/Option;+2
j  xsbt.boot.Launch$.apply(Lxsbt/boot/LauncherArguments;)Lscala/Option;+876
j  xsbt.boot.Boot$.runImpl(Lxsbt/boot/LauncherArguments;)Lscala/Option;+4
j  xsbt.boot.Boot$.main([Ljava/lang/String;)V+291
j  xsbt.boot.Boot.main([Ljava/lang/String;)V+4
v  ~StubRoutines::call_stub

---------------  P R O C E S S  ---------------

Java Threads: ( => current thread )
  0x0000000056b47000 JavaThread "Service Thread" daemon [_thread_blocked, id=1788, stack(0x0000000057290000,0x0000000057390000)]
  0x0000000056b42000 JavaThread "C1 CompilerThread2" daemon [_thread_blocked, id=11628, stack(0x0000000057120000,0x0000000057220000)]
  0x000000005515d000 JavaThread "C2 CompilerThread1" daemon [_thread_blocked, id=11992, stack(0x0000000056f30000,0x0000000057030000)]
  0x0000000055158000 JavaThread "C2 CompilerThread0" daemon [_thread_blocked, id=3368, stack(0x00000000569e0000,0x0000000056ae0000)]
  0x0000000055153800 JavaThread "Attach Listener" daemon [_thread_blocked, id=11172, stack(0x0000000056850000,0x0000000056950000)]
  0x0000000055152800 JavaThread "Signal Dispatcher" daemon [_thread_blocked, id=10892, stack(0x0000000056270000,0x0000000056370000)]
  0x000000005513a800 JavaThread "Finalizer" daemon [_thread_blocked, id=7136, stack(0x00000000565c0000,0x00000000566c0000)]
  0x00000000550f3800 JavaThread "Reference Handler" daemon [_thread_blocked, id=9996, stack(0x0000000056380000,0x0000000056480000)]
=>0x0000000002228000 JavaThread "main" [_thread_in_vm, id=12044, stack(0x00000000023f0000,0x00000000024f0000)]

Other Threads:
  0x00000000550ec000 VMThread [stack: 0x0000000056130000,0x0000000056230000] [id=10896]
  0x0000000056b4f000 WatcherThread [stack: 0x0000000056490000,0x0000000056590000] [id=10252]

VM state:not at safepoint (normal execution)

VM Mutex/Monitor currently owned by a thread: None

Heap:
 PSYoungGen      total 153088K, used 36865K [0x00000000eab00000, 0x00000000f5580000, 0x0000000100000000)
  eden space 131584K, 28% used [0x00000000eab00000,0x00000000ecf004d8,0x00000000f2b80000)
  from space 21504K, 0% used [0x00000000f4080000,0x00000000f4080000,0x00000000f5580000)
  to   space 21504K, 0% used [0x00000000f2b80000,0x00000000f2b80000,0x00000000f4080000)
 ParOldGen       total 349696K, used 0K [0x00000000c0000000, 0x00000000d5580000, 0x00000000eab00000)
  object space 349696K, 0% used [0x00000000c0000000,0x00000000c0000000,0x00000000d5580000)
 Metaspace       used 12036K, capacity 12454K, committed 12800K, reserved 1060864K
  class space    used 1520K, capacity 1676K, committed 1792K, reserved 1048576K

Card table byte_map: [0x0000000011b80000,0x0000000011d90000] byte_map_base: 0x0000000011580000

Marking Bits: (ParMarkBitMap*) 0x000000007097d850
 Begin Bits: [0x0000000012560000, 0x0000000013560000)
 End Bits:   [0x0000000013560000, 0x0000000014560000)

Polling page: 0x0000000000130000

CodeCache: size=245760Kb used=2770Kb max_used=2772Kb free=242989Kb
 bounds [0x00000000027c0000, 0x0000000002a80000, 0x00000000117c0000]
 total_blobs=1028 nmethods=687 adapters=255
 compilation: enabled

Compilation events (10 events):
Event: 3.788 Thread 0x0000000056b42000  683       3       java.util.jar.Attributes$Name::isValid (45 bytes)
Event: 3.789 Thread 0x0000000056b42000 nmethod 683 0x0000000002a73b10 code [0x0000000002a73ce0, 0x0000000002a74648]
Event: 3.791 Thread 0x0000000056b42000  684       3       java.util.HashSet::add (20 bytes)
Event: 3.791 Thread 0x0000000056b42000 nmethod 684 0x0000000002a73650 code [0x0000000002a737c0, 0x0000000002a73a48]
Event: 3.793 Thread 0x0000000056b42000  685       3       java.lang.String::<init> (100 bytes)
Event: 3.793 Thread 0x0000000056b42000 nmethod 685 0x0000000002a72c90 code [0x0000000002a72e40, 0x0000000002a73328]
Event: 3.826 Thread 0x0000000056b42000  686       3       sun.misc.ASCIICaseInsensitiveComparator::lowerCaseHashCode (36 bytes)
Event: 3.827 Thread 0x0000000056b42000 nmethod 686 0x0000000002a72150 code [0x0000000002a72300, 0x0000000002a72968]
Event: 3.836 Thread 0x0000000056b42000  687       3       java.lang.invoke.LambdaForm::uncustomize (58 bytes)
Event: 3.837 Thread 0x0000000056b42000 nmethod 687 0x0000000002a71c90 code [0x0000000002a71e00, 0x0000000002a720b0]

GC Heap History (0 events):
No events

Deoptimization events (3 events):
Event: 1.793 Thread 0x0000000002228000 Uncommon trap: reason=unstable_if action=reinterpret pc=0x000000000297663c method=java.lang.String.indexOf([CII[CIII)I @ 3
Event: 2.499 Thread 0x0000000002228000 Uncommon trap: reason=unstable_if action=reinterpret pc=0x00000000029741c0 method=sun.nio.cs.UTF_8$Encoder.encode([CII[B)I @ 33
Event: 2.789 Thread 0x0000000002228000 Uncommon trap: reason=unstable_if action=reinterpret pc=0x00000000029b48f0 method=sun.nio.cs.UTF_8$Decoder.decode([BII[C)I @ 30

Internal exceptions (8 events):
Event: 0.118 Thread 0x0000000002228000 Exception <a 'java/lang/NoSuchMethodError': Method sun.misc.Unsafe.defineClass(Ljava/lang/String;[BII)Ljava/lang/Class; name or signature does not match> (0x00000000eab07ca8) thrown at [C:\re\workspace\8-2-build-windows-amd64-cygwin\jdk8u144\9417\hotspot\
Event: 0.118 Thread 0x0000000002228000 Exception <a 'java/lang/NoSuchMethodError': Method sun.misc.Unsafe.prefetchRead(Ljava/lang/Object;J)V name or signature does not match> (0x00000000eab07f90) thrown at [C:\re\workspace\8-2-build-windows-amd64-cygwin\jdk8u144\9417\hotspot\src\share\vm\prims
Event: 0.814 Thread 0x0000000002228000 Exception <a 'java/security/PrivilegedActionException'> (0x00000000eb0d0a78) thrown at [C:\re\workspace\8-2-build-windows-amd64-cygwin\jdk8u144\9417\hotspot\src\share\vm\prims\jvm.cpp, line 1390]
Event: 0.814 Thread 0x0000000002228000 Exception <a 'java/security/PrivilegedActionException'> (0x00000000eb0d0c88) thrown at [C:\re\workspace\8-2-build-windows-amd64-cygwin\jdk8u144\9417\hotspot\src\share\vm\prims\jvm.cpp, line 1390]
Event: 0.820 Thread 0x0000000002228000 Exception <a 'java/security/PrivilegedActionException'> (0x00000000eb0d4b98) thrown at [C:\re\workspace\8-2-build-windows-amd64-cygwin\jdk8u144\9417\hotspot\src\share\vm\prims\jvm.cpp, line 1390]
Event: 0.820 Thread 0x0000000002228000 Exception <a 'java/security/PrivilegedActionException'> (0x00000000eb0d4da8) thrown at [C:\re\workspace\8-2-build-windows-amd64-cygwin\jdk8u144\9417\hotspot\src\share\vm\prims\jvm.cpp, line 1390]
Event: 3.002 Thread 0x0000000002228000 Exception <a 'java/lang/NoSuchFieldError': method resolution failed> (0x00000000ec420e10) thrown at [C:\re\workspace\8-2-build-windows-amd64-cygwin\jdk8u144\9417\hotspot\src\share\vm\prims\methodHandles.cpp, line 1146]
Event: 3.009 Thread 0x0000000002228000 Exception <a 'java/lang/NoSuchFieldError': method resolution failed> (0x00000000ec42e580) thrown at [C:\re\workspace\8-2-build-windows-amd64-cygwin\jdk8u144\9417\hotspot\src\share\vm\prims\methodHandles.cpp, line 1146]

Events (10 events):
Event: 3.839 loading class scala/Function1
Event: 3.839 loading class scala/Function1 done
Event: 3.856 loading class java/util/regex/Pattern$SliceS
Event: 3.856 loading class java/util/regex/Pattern$SliceS done
Event: 3.856 loading class sbt/Command$
Event: 3.856 loading class sbt/Command$ done
Event: 3.859 loading class sbt/internal/CommandStrings$
Event: 3.859 loading class sbt/internal/CommandStrings$ done
Event: 3.870 Thread 0x0000000002228000 DEOPT PACKING pc=0x00000000029fb21a sp=0x00000000024eb730
Event: 3.870 Thread 0x0000000002228000 DEOPT UNPACKING pc=0x000000000280747f sp=0x00000000024eb5b0 mode 0


Dynamic libraries:
0x000000013f320000 - 0x000000013f357000 	C:\Program Files\Java\jdk1.8.0_144\bin\java.exe
0x0000000077c40000 - 0x0000000077dea000 	C:\Windows\SYSTEM32\ntdll.dll
0x0000000077b20000 - 0x0000000077c3f000 	C:\Windows\system32\kernel32.dll
0x000007fefdee0000 - 0x000007fefdf4a000 	C:\Windows\system32\KERNELBASE.dll
0x000007fefe240000 - 0x000007fefe31b000 	C:\Windows\system32\ADVAPI32.dll
0x000007feff910000 - 0x000007feff9af000 	C:\Windows\system32\msvcrt.dll
0x000007feff670000 - 0x000007feff68f000 	C:\Windows\SYSTEM32\sechost.dll
0x000007fefe7b0000 - 0x000007fefe8dd000 	C:\Windows\system32\RPCRT4.dll
0x0000000077a20000 - 0x0000000077b1a000 	C:\Windows\system32\USER32.dll
0x000007fefdf70000 - 0x000007fefdfd7000 	C:\Windows\system32\GDI32.dll
0x000007fefe3c0000 - 0x000007fefe3ce000 	C:\Windows\system32\LPK.dll
0x000007fefe3d0000 - 0x000007fefe49a000 	C:\Windows\system32\USP10.dll
0x000007fefc660000 - 0x000007fefc854000 	C:\Windows\WinSxS\amd64_microsoft.windows.common-controls_6595b64144ccf1df_6.0.7601.18837_none_fa3b1e3d17594757\COMCTL32.dll
0x000007feffe40000 - 0x000007feffeb1000 	C:\Windows\system32\SHLWAPI.dll
0x000007feff690000 - 0x000007feff6be000 	C:\Windows\system32\IMM32.DLL
0x000007feff7a0000 - 0x000007feff8a9000 	C:\Windows\system32\MSCTF.dll
0x000000006b930000 - 0x000000006ba02000 	C:\Program Files\Java\jdk1.8.0_144\jre\bin\msvcr100.dll
0x0000000070160000 - 0x00000000709fd000 	C:\Program Files\Java\jdk1.8.0_144\jre\bin\server\jvm.dll
0x000007fef09a0000 - 0x000007fef09a9000 	C:\Windows\system32\WSOCK32.dll
0x000007feff9b0000 - 0x000007feff9fd000 	C:\Windows\system32\WS2_32.dll
0x000007fefff40000 - 0x000007fefff48000 	C:\Windows\system32\NSI.dll
0x000007fefaa70000 - 0x000007fefaaab000 	C:\Windows\system32\WINMM.dll
0x000007fefccf0000 - 0x000007fefccfc000 	C:\Windows\system32\VERSION.dll
0x0000000077e10000 - 0x0000000077e17000 	C:\Windows\system32\PSAPI.DLL
0x000000006ed00000 - 0x000000006ed0f000 	C:\Program Files\Java\jdk1.8.0_144\jre\bin\verify.dll
0x000000006e990000 - 0x000000006e9b9000 	C:\Program Files\Java\jdk1.8.0_144\jre\bin\java.dll
0x000000006e970000 - 0x000000006e986000 	C:\Program Files\Java\jdk1.8.0_144\jre\bin\zip.dll
0x000007fefe8e0000 - 0x000007feff66a000 	C:\Windows\system32\SHELL32.dll
0x000007feffa20000 - 0x000007feffc1c000 	C:\Windows\system32\ole32.dll
0x000007fefdba0000 - 0x000007fefdbaf000 	C:\Windows\system32\profapi.dll
0x000000006e950000 - 0x000000006e96a000 	C:\Program Files\Java\jdk1.8.0_144\jre\bin\net.dll
0x000007fefd4e0000 - 0x000007fefd535000 	C:\Windows\system32\mswsock.dll
0x000007fefd5e0000 - 0x000007fefd5e7000 	C:\Windows\System32\wship6.dll
0x0000000058460000 - 0x0000000058471000 	C:\Program Files\Java\jdk1.8.0_144\jre\bin\nio.dll
0x000007fefd360000 - 0x000007fefd378000 	C:\Windows\system32\CRYPTSP.dll
0x000007fefd100000 - 0x000007fefd147000 	C:\Windows\system32\rsaenh.dll
0x000007fefcee0000 - 0x000007fefcefe000 	C:\Windows\system32\USERENV.dll
0x000007fefda90000 - 0x000007fefda9f000 	C:\Windows\system32\CRYPTBASE.dll
0x000007fefb330000 - 0x000007fefb357000 	C:\Windows\system32\IPHLPAPI.DLL
0x000007fefb320000 - 0x000007fefb32b000 	C:\Windows\system32\WINNSI.DLL
0x000007fefab70000 - 0x000007fefab81000 	C:\Windows\system32\dhcpcsvc6.DLL
0x000007fefab50000 - 0x000007fefab68000 	C:\Windows\system32\dhcpcsvc.DLL
0x000007fefc630000 - 0x000007fefc63a000 	C:\Users\Alexander\AppData\Local\Temp\jansi-64-1-8998710307251652774.11

VM Arguments:
jvm_args: -Dfile.encoding=UTF8 -Djline.terminal=none -Dsbt.log.noformat=true -Dsbt.global.base=C:\Users\Alexander\AppData\Local\Temp\sbt-global-plugin3420stub -Xms512M -Xmx1024M -Xss1M -XX:+CMSClassUnloadingEnabled -XX:MaxPermSize=256M 
java_command: xsbt.boot.Boot project root ~run
java_class_path (initial): C:\Users\Alexander\.IntelliJIdea2017.2\config\plugins\Scala\launcher\sbt-launch.jar
Launcher Type: SUN_STANDARD

Environment Variables:
PATH=C:\Program Files\Java\jdk1.8.0_144\bin;C:\ProgramData\Oracle\Java\javapath;C:\Windows\system32;C:\Windows;C:\Windows\System32\Wbem;C:\Windows\System32\WindowsPowerShell\v1.0\;C:\Program Files (x86)\Brackets\command;C:\Program Files\Git\cmd;C;C:\Program Files\PuTTY\;C:\Program Files\MiKTeX 2.9\miktex\bin\x64\;C:\Program Files (x86)\sbt\bin;C:\Users\Alexander\AppData\Local\Programs\Python\Python36-32\Scripts\;C:\Users\Alexander\AppData\Local\Programs\Python\Python36-32\;C:\Program Files\Java\jdk1.8.0_144\bin;C:\ProgramData\Oracle\Java\javapath;C:\Windows\system32;C:\Windows;C:\Windows\System32\Wbem;C:\Windows\System32\WindowsPowerShell\v1.0\;C:\Program Files (x86)\Brackets\command;C:\Program Files\Git\cmd;C;C:\Program Files\PuTTY\;C:\Program Files\MiKTeX 2.9\miktex\bin\x64\;C:\Program Files (x86)\sbt\bin;c:\python27;c:\python27\Scripts;C:\Python27;C:\Users\Alexander\adb;C;
USERNAME=Alexander
OS=Windows_NT
PROCESSOR_IDENTIFIER=AMD64 Family 21 Model 101 Stepping 1, AuthenticAMD



---------------  S Y S T E M  ---------------

OS: Windows 7 , 64 bit Build 7601 (6.1.7601.23714)

CPU:total 4 (initial active 4) (4 cores per cpu, 1 threads per core) family 21 model 101 stepping 1, cmov, cx8, fxsr, mmx, sse, sse2, sse3, ssse3, sse4.1, sse4.2, popcnt, avx, avx2, aes, clmul, mmxext, 3dnowpref, lzcnt, sse4a, tsc, tscinvbit, tscinv, bmi1

Memory: 4k page, physical 7830560k(180728k free), swap 11808672k(3856k free)

vm_info: Java HotSpot(TM) 64-Bit Server VM (25.144-b01) for windows-amd64 JRE (1.8.0_144-b01), built on Jul 21 2017 21:57:33 by "java_re" with MS VC++ 10.0 (VS2010)

time: Tue Jan 09 13:29:27 2018
elapsed time: 3 seconds (0d 0h 0m 3s)

