#
# There is insufficient memory for the Java Runtime Environment to continue.
# Native memory allocation (malloc) failed to allocate 32744 bytes for ChunkPool::allocate
# Possible reasons:
#   The system is out of physical RAM or swap space
#   In 32 bit mode, the process size limit was hit
# Possible solutions:
#   Reduce memory load on the system
#   Increase physical memory or swap space
#   Check if swap backing store is full
#   Use 64 bit Java on a 64 bit OS
#   Decrease Java heap size (-Xmx/-Xms)
#   Decrease number of Java threads
#   Decrease Java thread stack sizes (-Xss)
#   Set larger code cache with -XX:ReservedCodeCacheSize=
# This output file may be truncated or incomplete.
#
#  Out of Memory Error (allocation.cpp:273), pid=6484, tid=0x0000000000002558
#
# JRE version: Java(TM) SE Runtime Environment (8.0_144-b01) (build 1.8.0_144-b01)
# Java VM: Java HotSpot(TM) 64-Bit Server VM (25.144-b01 mixed mode windows-amd64 compressed oops)
# Failed to write core dump. Minidumps are not enabled by default on client versions of Windows
#

---------------  T H R E A D  ---------------

Current thread (0x00000000552a7800):  JavaThread "C2 CompilerThread0" daemon [_thread_in_native, id=9560, stack(0x00000000564c0000,0x00000000565c0000)]

Stack: [0x00000000564c0000,0x00000000565c0000]
[error occurred during error reporting (printing stack bounds), id 0xc0000005]

Native frames: (J=compiled Java code, j=interpreted, Vv=VM code, C=native code)


Current CompileTask:
C2:10702849 38094       4       jdk.internal.org.objectweb.asm.Frame::execute (2252 bytes)


---------------  P R O C E S S  ---------------

Java Threads: ( => current thread )
  0x0000000069112000 JavaThread "play-dev-mode-akka.actor.default-dispatcher-633" [_thread_blocked, id=11532, stack(0x00000000631e0000,0x00000000632e0000)]
  0x0000000069111800 JavaThread "com.google.common.base.internal.Finalizer" daemon [_thread_blocked, id=5336, stack(0x000000005a980000,0x000000005aa80000)]
  0x0000000058709000 JavaThread "application-akka.actor.default-dispatcher-5" [_thread_blocked, id=10588, stack(0x0000000061700000,0x0000000061800000)]
  0x000000005e823800 JavaThread "application-scheduler-1" [_thread_blocked, id=11988, stack(0x000000005abb0000,0x000000005acb0000)]
  0x000000005e828800 JavaThread "AsyncAppender-Worker-ASYNCSTDOUT" daemon [_thread_blocked, id=6300, stack(0x0000000061ca0000,0x0000000061da0000)]
  0x000000005e828000 JavaThread "AsyncAppender-Worker-ASYNCFILE" daemon [_thread_blocked, id=11228, stack(0x0000000061b40000,0x0000000061c40000)]
  0x000000005b9ef000 JavaThread "Scala Presentation Compiler []" daemon [_thread_blocked, id=11124, stack(0x0000000066660000,0x0000000066760000)]
  0x000000005e825800 JavaThread "play-dev-mode-akka.io.pinned-dispatcher-6" [_thread_in_native, id=7864, stack(0x0000000064930000,0x0000000064a30000)]
  0x000000005ceeb000 JavaThread "play-dev-mode-scheduler-1" [_thread_blocked, id=11768, stack(0x0000000061ee0000,0x0000000061fe0000)]
  0x000000005ceea800 JavaThread "reloader-timer" daemon [_thread_blocked, id=9976, stack(0x0000000062190000,0x0000000062290000)]
  0x000000005cee9800 JavaThread "play-watch-service" daemon [_thread_blocked, id=7548, stack(0x0000000061fe0000,0x00000000620e0000)]
  0x000000005cee9000 JavaThread "Thread-4" daemon [_thread_in_native, id=6340, stack(0x0000000061da0000,0x0000000061ea0000)]
  0x0000000058709800 JavaThread "Thread-3" daemon [_thread_in_native, id=12012, stack(0x0000000060640000,0x0000000060740000)]
  0x0000000056c98800 JavaThread "sbt-web-akka.actor.default-dispatcher-2" [_thread_blocked, id=9624, stack(0x000000005d710000,0x000000005d810000)]
  0x0000000057760800 JavaThread "sbt-web-scheduler-1" [_thread_blocked, id=11840, stack(0x0000000060fb0000,0x00000000610b0000)]
  0x00000000599c5000 JavaThread "Log4j2-TF-1-AsyncLogger[AsyncContext@56ac3a89]-1" daemon [_thread_blocked, id=6832, stack(0x0000000057070000,0x0000000057170000)]
  0x0000000056afc000 JavaThread "Service Thread" daemon [_thread_blocked, id=9744, stack(0x0000000057190000,0x0000000057290000)]
  0x0000000056a80800 JavaThread "C1 CompilerThread2" daemon [_thread_blocked, id=2000, stack(0x0000000056ee0000,0x0000000056fe0000)]
  0x00000000552af000 JavaThread "C2 CompilerThread1" daemon [_thread_in_vm, id=1904, stack(0x0000000056980000,0x0000000056a80000)]
=>0x00000000552a7800 JavaThread "C2 CompilerThread0" daemon [_thread_in_native, id=9560, stack(0x00000000564c0000,0x00000000565c0000)]
  0x00000000552a3000 JavaThread "Attach Listener" daemon [_thread_blocked, id=2628, stack(0x00000000567e0000,0x00000000568e0000)]
  0x00000000552a1800 JavaThread "Signal Dispatcher" daemon [_thread_blocked, id=12068, stack(0x00000000565f0000,0x00000000566f0000)]
  0x000000005528a800 JavaThread "Finalizer" daemon [_thread_blocked, id=6824, stack(0x0000000056160000,0x0000000056260000)]
  0x0000000055243800 JavaThread "Reference Handler" daemon [_thread_blocked, id=11308, stack(0x00000000562c0000,0x00000000563c0000)]
  0x0000000002128000 JavaThread "main" [_thread_in_vm, id=2244, stack(0x0000000002550000,0x0000000002650000)]

Other Threads:
  0x000000005523b800 VMThread [stack: 0x0000000055ff0000,0x00000000560f0000] [id=11316]
  0x0000000056b06800 WatcherThread [stack: 0x0000000057320000,0x0000000057420000] [id=7020]

VM state:not at safepoint (normal execution)

VM Mutex/Monitor currently owned by a thread: None

Heap:
 PSYoungGen      total 338944K, used 219377K [0x00000000eab00000, 0x00000000ffe00000, 0x0000000100000000)
  eden space 330752K, 66% used [0x00000000eab00000,0x00000000f80dc6e8,0x00000000fee00000)
  from space 8192K, 4% used [0x00000000ff580000,0x00000000ff5e0000,0x00000000ffd80000)
  to   space 7680K, 0% used [0x00000000fee00000,0x00000000fee00000,0x00000000ff580000)
 ParOldGen       total 699392K, used 85272K [0x00000000c0000000, 0x00000000eab00000, 0x00000000eab00000)
  object space 699392K, 12% used [0x00000000c0000000,0x00000000c5346060,0x00000000eab00000)
 Metaspace       used 135390K, capacity 152317K, committed 180632K, reserved 1206272K
  class space    used 18221K, capacity 19258K, committed 24728K, reserved 1048576K

Card table byte_map: [0x0000000011ce0000,0x0000000011ef0000] byte_map_base: 0x00000000116e0000

Marking Bits: (ParMarkBitMap*) 0x0000000063c6d850
 Begin Bits: [0x00000000126b0000, 0x00000000136b0000)
 End Bits:   [0x00000000136b0000, 0x00000000146b0000)

Polling page: 0x0000000000340000

CodeCache: size=245760Kb used=55894Kb max_used=77231Kb free=189865Kb
 bounds [0x0000000002920000, 0x00000000075e0000, 0x0000000011920000]
 total_blobs=20542 nmethods=19753 adapters=694
 compilation: enabled

Compilation events (10 events):
Event: 10698.986 Thread 0x0000000056a80800 38133       3       scala.reflect.internal.pickling.UnPickler$Scan$LazyTypeRef$$Lambda$162/314364096::apply (12 bytes)
Event: 10698.986 Thread 0x0000000056a80800 nmethod 38133 0x000000000674e910 code [0x000000000674ea80, 0x000000000674ede8]
Event: 10698.986 Thread 0x0000000056a80800 38134       3       scala.reflect.internal.pickling.UnPickler$Scan$LazyTypeRef::$anonfun$completeInternal$2 (6 bytes)
Event: 10698.987 Thread 0x0000000056a80800 nmethod 38134 0x000000000674e3d0 code [0x000000000674e540, 0x000000000674e828]
Event: 10698.990 Thread 0x0000000056a80800 38135       3       scala.reflect.runtime.SynchronizedSymbols$SynchronizedSymbol$$anon$14::markFlagsCompleted (9 bytes)
Event: 10698.990 Thread 0x0000000056a80800 nmethod 38135 0x00000000049ba050 code [0x00000000049ba1c0, 0x00000000049ba590]
Event: 10698.990 Thread 0x0000000056a80800 38137       3       scala.reflect.internal.pickling.UnPickler$Scan::isModuleFlag$1 (14 bytes)
Event: 10698.991 Thread 0x0000000056a80800 nmethod 38137 0x0000000004cb3050 code [0x0000000004cb31a0, 0x0000000004cb3330]
Event: 10698.991 Thread 0x0000000056a80800 38136       3       scala.reflect.runtime.SynchronizedSymbols$SynchronizedSymbol$$anon$14::markFlagsCompleted (6 bytes)
Event: 10698.991 Thread 0x0000000056a80800 nmethod 38136 0x00000000049b9a50 code [0x00000000049b9bc0, 0x00000000049b9eb0]

GC Heap History (10 events):
Event: 10661.322 GC heap before
{Heap before GC invocations=1116 (full 350):
 PSYoungGen      total 337920K, used 164873K [0x00000000eab00000, 0x00000000ffe80000, 0x0000000100000000)
  eden space 328704K, 49% used [0x00000000eab00000,0x00000000f4b5a4a8,0x00000000fec00000)
  from space 9216K, 7% used [0x00000000fec00000,0x00000000feca8000,0x00000000ff500000)
  to   space 8704K, 0% used [0x00000000ff600000,0x00000000ff600000,0x00000000ffe80000)
 ParOldGen       total 699392K, used 85398K [0x00000000c0000000, 0x00000000eab00000, 0x00000000eab00000)
  object space 699392K, 12% used [0x00000000c0000000,0x00000000c5365a38,0x00000000eab00000)
 Metaspace       used 135342K, capacity 152269K, committed 180632K, reserved 1206272K
  class space    used 18210K, capacity 19244K, committed 24728K, reserved 1048576K
Event: 10661.328 GC heap after
Heap after GC invocations=1116 (full 350):
 PSYoungGen      total 337920K, used 256K [0x00000000eab00000, 0x00000000ffd80000, 0x0000000100000000)
  eden space 330240K, 0% used [0x00000000eab00000,0x00000000eab00000,0x00000000fed80000)
  from space 7680K, 3% used [0x00000000ff600000,0x00000000ff640000,0x00000000ffd80000)
  to   space 8192K, 0% used [0x00000000fed80000,0x00000000fed80000,0x00000000ff580000)
 ParOldGen       total 699392K, used 85398K [0x00000000c0000000, 0x00000000eab00000, 0x00000000eab00000)
  object space 699392K, 12% used [0x00000000c0000000,0x00000000c5365a38,0x00000000eab00000)
 Metaspace       used 135342K, capacity 152269K, committed 180632K, reserved 1206272K
  class space    used 18210K, capacity 19244K, committed 24728K, reserved 1048576K
}
Event: 10661.329 GC heap before
{Heap before GC invocations=1117 (full 351):
 PSYoungGen      total 337920K, used 256K [0x00000000eab00000, 0x00000000ffd80000, 0x0000000100000000)
  eden space 330240K, 0% used [0x00000000eab00000,0x00000000eab00000,0x00000000fed80000)
  from space 7680K, 3% used [0x00000000ff600000,0x00000000ff640000,0x00000000ffd80000)
  to   space 8192K, 0% used [0x00000000fed80000,0x00000000fed80000,0x00000000ff580000)
 ParOldGen       total 699392K, used 85398K [0x00000000c0000000, 0x00000000eab00000, 0x00000000eab00000)
  object space 699392K, 12% used [0x00000000c0000000,0x00000000c5365a38,0x00000000eab00000)
 Metaspace       used 135342K, capacity 152269K, committed 180632K, reserved 1206272K
  class space    used 18210K, capacity 19244K, committed 24728K, reserved 1048576K
Event: 10661.676 GC heap after
Heap after GC invocations=1117 (full 351):
 PSYoungGen      total 337920K, used 0K [0x00000000eab00000, 0x00000000ffd80000, 0x0000000100000000)
  eden space 330240K, 0% used [0x00000000eab00000,0x00000000eab00000,0x00000000fed80000)
  from space 7680K, 0% used [0x00000000ff600000,0x00000000ff600000,0x00000000ffd80000)
  to   space 8192K, 0% used [0x00000000fed80000,0x00000000fed80000,0x00000000ff580000)
 ParOldGen       total 699392K, used 85275K [0x00000000c0000000, 0x00000000eab00000, 0x00000000eab00000)
  object space 699392K, 12% used [0x00000000c0000000,0x00000000c5346d70,0x00000000eab00000)
 Metaspace       used 135342K, capacity 152269K, committed 180632K, reserved 1206272K
  class space    used 18210K, capacity 19244K, committed 24728K, reserved 1048576K
}
Event: 10661.677 GC heap before
{Heap before GC invocations=1118 (full 351):
 PSYoungGen      total 337920K, used 5681K [0x00000000eab00000, 0x00000000ffd80000, 0x0000000100000000)
  eden space 330240K, 1% used [0x00000000eab00000,0x00000000eb08c4c8,0x00000000fed80000)
  from space 7680K, 0% used [0x00000000ff600000,0x00000000ff600000,0x00000000ffd80000)
  to   space 8192K, 0% used [0x00000000fed80000,0x00000000fed80000,0x00000000ff580000)
 ParOldGen       total 699392K, used 85275K [0x00000000c0000000, 0x00000000eab00000, 0x00000000eab00000)
  object space 699392K, 12% used [0x00000000c0000000,0x00000000c5346d70,0x00000000eab00000)
 Metaspace       used 135342K, capacity 152269K, committed 180632K, reserved 1206272K
  class space    used 18210K, capacity 19244K, committed 24728K, reserved 1048576K
Event: 10661.681 GC heap after
Heap after GC invocations=1118 (full 351):
 PSYoungGen      total 338432K, used 64K [0x00000000eab00000, 0x00000000ffd80000, 0x0000000100000000)
  eden space 330240K, 0% used [0x00000000eab00000,0x00000000eab00000,0x00000000fed80000)
  from space 8192K, 0% used [0x00000000fed80000,0x00000000fed90000,0x00000000ff580000)
  to   space 8192K, 0% used [0x00000000ff580000,0x00000000ff580000,0x00000000ffd80000)
 ParOldGen       total 699392K, used 85275K [0x00000000c0000000, 0x00000000eab00000, 0x00000000eab00000)
  object space 699392K, 12% used [0x00000000c0000000,0x00000000c5346d70,0x00000000eab00000)
 Metaspace       used 135342K, capacity 152269K, committed 180632K, reserved 1206272K
  class space    used 18210K, capacity 19244K, committed 24728K, reserved 1048576K
}
Event: 10661.682 GC heap before
{Heap before GC invocations=1119 (full 352):
 PSYoungGen      total 338432K, used 64K [0x00000000eab00000, 0x00000000ffd80000, 0x0000000100000000)
  eden space 330240K, 0% used [0x00000000eab00000,0x00000000eab00000,0x00000000fed80000)
  from space 8192K, 0% used [0x00000000fed80000,0x00000000fed90000,0x00000000ff580000)
  to   space 8192K, 0% used [0x00000000ff580000,0x00000000ff580000,0x00000000ffd80000)
 ParOldGen       total 699392K, used 85275K [0x00000000c0000000, 0x00000000eab00000, 0x00000000eab00000)
  object space 699392K, 12% used [0x00000000c0000000,0x00000000c5346d70,0x00000000eab00000)
 Metaspace       used 135342K, capacity 152269K, committed 180632K, reserved 1206272K
  class space    used 18210K, capacity 19244K, committed 24728K, reserved 1048576K
Event: 10661.909 GC heap after
Heap after GC invocations=1119 (full 352):
 PSYoungGen      total 338432K, used 0K [0x00000000eab00000, 0x00000000ffd80000, 0x0000000100000000)
  eden space 330240K, 0% used [0x00000000eab00000,0x00000000eab00000,0x00000000fed80000)
  from space 8192K, 0% used [0x00000000fed80000,0x00000000fed80000,0x00000000ff580000)
  to   space 8192K, 0% used [0x00000000ff580000,0x00000000ff580000,0x00000000ffd80000)
 ParOldGen       total 699392K, used 85272K [0x00000000c0000000, 0x00000000eab00000, 0x00000000eab00000)
  object space 699392K, 12% used [0x00000000c0000000,0x00000000c5346060,0x00000000eab00000)
 Metaspace       used 135342K, capacity 152269K, committed 180632K, reserved 1206272K
  class space    used 18210K, capacity 19244K, committed 24728K, reserved 1048576K
}
Event: 10684.005 GC heap before
{Heap before GC invocations=1120 (full 352):
 PSYoungGen      total 338432K, used 330240K [0x00000000eab00000, 0x00000000ffd80000, 0x0000000100000000)
  eden space 330240K, 100% used [0x00000000eab00000,0x00000000fed80000,0x00000000fed80000)
  from space 8192K, 0% used [0x00000000fed80000,0x00000000fed80000,0x00000000ff580000)
  to   space 8192K, 0% used [0x00000000ff580000,0x00000000ff580000,0x00000000ffd80000)
 ParOldGen       total 699392K, used 85272K [0x00000000c0000000, 0x00000000eab00000, 0x00000000eab00000)
  object space 699392K, 12% used [0x00000000c0000000,0x00000000c5346060,0x00000000eab00000)
 Metaspace       used 135342K, capacity 152269K, committed 180632K, reserved 1206272K
  class space    used 18210K, capacity 19244K, committed 24728K, reserved 1048576K
Event: 10684.010 GC heap after
Heap after GC invocations=1120 (full 352):
 PSYoungGen      total 338944K, used 384K [0x00000000eab00000, 0x00000000ffe00000, 0x0000000100000000)
  eden space 330752K, 0% used [0x00000000eab00000,0x00000000eab00000,0x00000000fee00000)
  from space 8192K, 4% used [0x00000000ff580000,0x00000000ff5e0000,0x00000000ffd80000)
  to   space 7680K, 0% used [0x00000000fee00000,0x00000000fee00000,0x00000000ff580000)
 ParOldGen       total 699392K, used 85272K [0x00000000c0000000, 0x00000000eab00000, 0x00000000eab00000)
  object space 699392K, 12% used [0x00000000c0000000,0x00000000c5346060,0x00000000eab00000)
 Metaspace       used 135342K, capacity 152269K, committed 180632K, reserved 1206272K
  class space    used 18210K, capacity 19244K, committed 24728K, reserved 1048576K
}

Deoptimization events (10 events):
Event: 10698.828 Thread 0x0000000002128000 Uncommon trap: reason=unstable_if action=reinterpret pc=0x0000000003d35ba8 method=java.lang.ref.SoftReference.get()Ljava/lang/Object; @ 6
Event: 10698.861 Thread 0x0000000002128000 Uncommon trap: reason=bimorphic action=maybe_recompile pc=0x00000000072f6ab8 method=scala.collection.mutable.ArrayOps.slice(II)Ljava/lang/Object; @ 24
Event: 10698.861 Thread 0x0000000002128000 Uncommon trap: reason=bimorphic action=maybe_recompile pc=0x0000000006c0db10 method=scala.collection.mutable.ArrayOps.elementClass()Ljava/lang/Class; @ 1
Event: 10698.880 Thread 0x0000000002128000 Uncommon trap: reason=bimorphic action=maybe_recompile pc=0x00000000072f6ab8 method=scala.collection.mutable.ArrayOps.slice(II)Ljava/lang/Object; @ 24
Event: 10698.880 Thread 0x0000000002128000 Uncommon trap: reason=bimorphic action=maybe_recompile pc=0x0000000006c0db10 method=scala.collection.mutable.ArrayOps.elementClass()Ljava/lang/Class; @ 1
Event: 10698.901 Thread 0x0000000002128000 Uncommon trap: reason=bimorphic action=maybe_recompile pc=0x00000000072f6ab8 method=scala.collection.mutable.ArrayOps.slice(II)Ljava/lang/Object; @ 24
Event: 10698.901 Thread 0x0000000002128000 Uncommon trap: reason=bimorphic action=maybe_recompile pc=0x0000000006c0db10 method=scala.collection.mutable.ArrayOps.elementClass()Ljava/lang/Class; @ 1
Event: 10698.916 Thread 0x0000000002128000 Uncommon trap: reason=bimorphic action=maybe_recompile pc=0x00000000072f6ab8 method=scala.collection.mutable.ArrayOps.slice(II)Ljava/lang/Object; @ 24
Event: 10698.916 Thread 0x0000000002128000 Uncommon trap: reason=bimorphic action=maybe_recompile pc=0x0000000006c0db10 method=scala.collection.mutable.ArrayOps.elementClass()Ljava/lang/Class; @ 1
Event: 10698.917 Thread 0x0000000002128000 Uncommon trap: reason=bimorphic action=maybe_recompile pc=0x0000000006c1c7f8 method=scala.collection.mutable.ArrayOps.slice(II)Ljava/lang/Object; @ 24

Internal exceptions (10 events):
Event: 9565.124 Thread 0x000000005b9f4000 Exception <a 'java/lang/ClassNotFoundException': com/sun/tools/javac/api/JavacTool> (0x00000000efeabb38) thrown at [C:\re\workspace\8-2-build-windows-amd64-cygwin\jdk8u144\9417\hotspot\src\share\vm\classfile\systemDictionary.cpp, line 210]
Event: 9565.135 Thread 0x000000005b9f4000 Exception <a 'java/io/FileNotFoundException'> (0x00000000f780b860) thrown at [C:\re\workspace\8-2-build-windows-amd64-cygwin\jdk8u144\9417\hotspot\src\share\vm\prims\jni.cpp, line 709]
Event: 10478.416 Thread 0x000000005b9f1000 Exception <a 'java/lang/ClassNotFoundException': com/sun/tools/javac/api/JavacTool> (0x00000000f4e74558) thrown at [C:\re\workspace\8-2-build-windows-amd64-cygwin\jdk8u144\9417\hotspot\src\share\vm\classfile\systemDictionary.cpp, line 210]
Event: 10478.427 Thread 0x000000005b9f1000 Exception <a 'java/io/FileNotFoundException'> (0x00000000f4ee23b8) thrown at [C:\re\workspace\8-2-build-windows-amd64-cygwin\jdk8u144\9417\hotspot\src\share\vm\prims\jni.cpp, line 709]
Event: 10511.032 Thread 0x000000005b9f3800 Exception <a 'java/lang/ClassNotFoundException': com/sun/tools/javac/api/JavacTool> (0x00000000f1011b68) thrown at [C:\re\workspace\8-2-build-windows-amd64-cygwin\jdk8u144\9417\hotspot\src\share\vm\classfile\systemDictionary.cpp, line 210]
Event: 10511.043 Thread 0x000000005b9f3800 Exception <a 'java/io/FileNotFoundException'> (0x00000000f107fca8) thrown at [C:\re\workspace\8-2-build-windows-amd64-cygwin\jdk8u144\9417\hotspot\src\share\vm\prims\jni.cpp, line 709]
Event: 10512.057 Thread 0x000000005b9f2800 Exception <a 'java/io/FileNotFoundException'> (0x00000000ed77cff8) thrown at [C:\re\workspace\8-2-build-windows-amd64-cygwin\jdk8u144\9417\hotspot\src\share\vm\prims\jni.cpp, line 709]
Event: 10520.679 Thread 0x000000005b9ed800 Exception <a 'java/io/FileNotFoundException'> (0x00000000ff043240) thrown at [C:\re\workspace\8-2-build-windows-amd64-cygwin\jdk8u144\9417\hotspot\src\share\vm\prims\jni.cpp, line 709]
Event: 10698.822 Thread 0x000000005870a800 Exception <a 'java/lang/OutOfMemoryError': unable to create new native thread> (0x00000000f7665c78) thrown at [C:\re\workspace\8-2-build-windows-amd64-cygwin\jdk8u144\9417\hotspot\src\share\vm\prims\jvm.cpp, line 3033]
Event: 10698.828 Thread 0x0000000002128000 Implicit null exception at 0x0000000003d33acc to 0x0000000003d35b7d

Events (10 events):
Event: 10698.997 loading class sbt/TestResult
Event: 10698.997 loading class sbt/TestResult done
Event: 10698.998 loading class sbt/TestResult
Event: 10698.998 loading class sbt/TestResult done
Event: 10698.998 loading class sbt/AllPassFilter
Event: 10698.998 loading class sbt/AllPassFilter done
Event: 10698.998 loading class sbt/CopyOptions
Event: 10698.998 loading class sbt/CopyOptions done
Event: 10698.998 loading class sbt/CopyOptions
Event: 10698.998 loading class sbt/CopyOptions done


Dynamic libraries:
0x000000013f8a0000 - 0x000000013f8d7000 	C:\Program Files\Java\jdk1.8.0_144\bin\java.exe
0x0000000077120000 - 0x00000000772ca000 	C:\Windows\SYSTEM32\ntdll.dll
0x0000000076f00000 - 0x000000007701f000 	C:\Windows\system32\kernel32.dll
0x000007fefd250000 - 0x000007fefd2ba000 	C:\Windows\system32\KERNELBASE.dll
0x000007fefd450000 - 0x000007fefd52b000 	C:\Windows\system32\ADVAPI32.dll
0x000007fefdca0000 - 0x000007fefdd3f000 	C:\Windows\system32\msvcrt.dll
0x000007fefdfa0000 - 0x000007fefdfbf000 	C:\Windows\SYSTEM32\sechost.dll
0x000007feff140000 - 0x000007feff26d000 	C:\Windows\system32\RPCRT4.dll
0x0000000077020000 - 0x000000007711a000 	C:\Windows\system32\USER32.dll
0x000007fefda60000 - 0x000007fefdac7000 	C:\Windows\system32\GDI32.dll
0x000007feff270000 - 0x000007feff27e000 	C:\Windows\system32\LPK.dll
0x000007feff280000 - 0x000007feff34a000 	C:\Windows\system32\USP10.dll
0x000007fefbb10000 - 0x000007fefbd04000 	C:\Windows\WinSxS\amd64_microsoft.windows.common-controls_6595b64144ccf1df_6.0.7601.18837_none_fa3b1e3d17594757\COMCTL32.dll
0x000007fefdfc0000 - 0x000007fefe031000 	C:\Windows\system32\SHLWAPI.dll
0x000007fefe040000 - 0x000007fefe06e000 	C:\Windows\system32\IMM32.DLL
0x000007fefd950000 - 0x000007fefda59000 	C:\Windows\system32\MSCTF.dll
0x000000006b000000 - 0x000000006b0d2000 	C:\Program Files\Java\jdk1.8.0_144\jre\bin\msvcr100.dll
0x0000000063450000 - 0x0000000063ced000 	C:\Program Files\Java\jdk1.8.0_144\jre\bin\server\jvm.dll
0x000007feeedd0000 - 0x000007feeedd9000 	C:\Windows\system32\WSOCK32.dll
0x000007fefd540000 - 0x000007fefd58d000 	C:\Windows\system32\WS2_32.dll
0x000007fefd530000 - 0x000007fefd538000 	C:\Windows\system32\NSI.dll
0x000007fefa2b0000 - 0x000007fefa2eb000 	C:\Windows\system32\WINMM.dll
0x000007fefc1d0000 - 0x000007fefc1dc000 	C:\Windows\system32\VERSION.dll
0x00000000772f0000 - 0x00000000772f7000 	C:\Windows\system32\PSAPI.DLL
0x000000006cd90000 - 0x000000006cd9f000 	C:\Program Files\Java\jdk1.8.0_144\jre\bin\verify.dll
0x000000006cd60000 - 0x000000006cd89000 	C:\Program Files\Java\jdk1.8.0_144\jre\bin\java.dll
0x000000006cd10000 - 0x000000006cd26000 	C:\Program Files\Java\jdk1.8.0_144\jre\bin\zip.dll
0x000007fefe3b0000 - 0x000007feff13a000 	C:\Windows\system32\SHELL32.dll
0x000007fefe1b0000 - 0x000007fefe3ac000 	C:\Windows\system32\ole32.dll
0x000007fefd080000 - 0x000007fefd08f000 	C:\Windows\system32\profapi.dll
0x000000006ccf0000 - 0x000000006cd0a000 	C:\Program Files\Java\jdk1.8.0_144\jre\bin\net.dll
0x000007fefc8a0000 - 0x000007fefc8f5000 	C:\Windows\system32\mswsock.dll
0x000007fefc890000 - 0x000007fefc897000 	C:\Windows\System32\wship6.dll
0x000000006ccd0000 - 0x000000006cce1000 	C:\Program Files\Java\jdk1.8.0_144\jre\bin\nio.dll
0x000007fefc900000 - 0x000007fefc918000 	C:\Windows\system32\CRYPTSP.dll
0x000007fefc600000 - 0x000007fefc647000 	C:\Windows\system32\rsaenh.dll
0x000007fefc3b0000 - 0x000007fefc3ce000 	C:\Windows\system32\USERENV.dll
0x000007fefcf70000 - 0x000007fefcf7f000 	C:\Windows\system32\CRYPTBASE.dll
0x000007fefa810000 - 0x000007fefa837000 	C:\Windows\system32\IPHLPAPI.DLL
0x000007fefa800000 - 0x000007fefa80b000 	C:\Windows\system32\WINNSI.DLL
0x000007fef9a80000 - 0x000007fef9a91000 	C:\Windows\system32\dhcpcsvc6.DLL
0x000007fef9a60000 - 0x000007fef9a78000 	C:\Windows\system32\dhcpcsvc.DLL
0x000007feddde0000 - 0x000007fedddea000 	C:\Users\Alexander\AppData\Local\Temp\jansi-64-1-5986273167480556217.11
0x000000006e130000 - 0x000000006e13d000 	C:\Program Files\Java\jdk1.8.0_144\jre\bin\management.dll
0x000007fefacb0000 - 0x000007fefacc5000 	C:\Windows\system32\NLAapi.dll
0x000007feef390000 - 0x000007feef3a5000 	C:\Windows\system32\napinsp.dll
0x000007feeefe0000 - 0x000007feeeff9000 	C:\Windows\system32\pnrpnsp.dll
0x000007fefc720000 - 0x000007fefc77b000 	C:\Windows\system32\DNSAPI.dll
0x000007feef550000 - 0x000007feef55b000 	C:\Windows\System32\winrnr.dll
0x000007fef4ba0000 - 0x000007fef4bb0000 	C:\Windows\system32\wshbth.dll
0x000000006f920000 - 0x000000006f946000 	C:\Program Files\Bonjour\mdnsNSP.dll
0x000007fefc2a0000 - 0x000007fefc2a7000 	C:\Windows\System32\wshtcpip.dll
0x000007fef79d0000 - 0x000007fef79d8000 	C:\Windows\system32\rasadhlp.dll
0x000007fef9b20000 - 0x000007fef9b73000 	C:\Windows\System32\fwpuclnt.dll
0x0000000001ce0000 - 0x0000000001d04000 	C:\Program Files\Java\jdk1.8.0_144\jre\bin\sunec.dll
0x0000000064d40000 - 0x0000000064d4b000 	C:\Program Files\Java\jdk1.8.0_144\jre\bin\sunmscapi.dll
0x000007fefd2e0000 - 0x000007fefd44d000 	C:\Windows\system32\CRYPT32.dll
0x000007fefd120000 - 0x000007fefd12f000 	C:\Windows\system32\MSASN1.dll

VM Arguments:
jvm_args: -Dfile.encoding=UTF8 -Djline.terminal=none -Dsbt.log.noformat=true -Dsbt.global.base=C:\Users\Alexander\AppData\Local\Temp\sbt-global-plugin37450stub -Xms512M -Xmx1024M -Xss1M -XX:+CMSClassUnloadingEnabled -XX:MaxPermSize=256M 
java_command: xsbt.boot.Boot project root ~run
java_class_path (initial): C:\Users\Alexander\.IntelliJIdea2017.2\config\plugins\Scala\launcher\sbt-launch.jar
Launcher Type: SUN_STANDARD

Environment Variables:
PATH=C:\Program Files\Java\jdk1.8.0_144\bin;C:\ProgramData\Oracle\Java\javapath;C:\Windows\system32;C:\Windows;C:\Windows\System32\Wbem;C:\Windows\System32\WindowsPowerShell\v1.0\;C:\Program Files (x86)\Brackets\command;C;C:\Program Files\PuTTY\;C:\Program Files\MiKTeX 2.9\miktex\bin\x64\;C:\Program Files (x86)\sbt\bin;C:\Program Files\Git\cmd;C:\Users\Alexander\AppData\Local\Programs\Python\Python36-32\Scripts\;C:\Users\Alexander\AppData\Local\Programs\Python\Python36-32\;C:\Program Files\Java\jdk1.8.0_144\bin;C:\ProgramData\Oracle\Java\javapath;C:\Windows\system32;C:\Windows;C:\Windows\System32\Wbem;C:\Windows\System32\WindowsPowerShell\v1.0\;C:\Program Files (x86)\Brackets\command;C;C:\Program Files\PuTTY\;C:\Program Files\MiKTeX 2.9\miktex\bin\x64\;C:\Program Files (x86)\sbt\bin;C:\Program Files\Git\cmd;c:\python27;c:\python27\Scripts;C:\Python27;C:\Users\Alexander\adb;C;C:\Program Files\Heroku\bin
USERNAME=Alexander
OS=Windows_NT
PROCESSOR_IDENTIFIER=AMD64 Family 21 Model 101 Stepping 1, AuthenticAMD



---------------  S Y S T E M  ---------------

OS: Windows 7 , 64 bit Build 7601 (6.1.7601.23714)

CPU:total 4 (initial active 4) (4 cores per cpu, 1 threads per core) family 21 model 101 stepping 1, cmov, cx8, fxsr, mmx, sse, sse2, sse3, ssse3, sse4.1, sse4.2, popcnt, avx, avx2, aes, clmul, mmxext, 3dnowpref, lzcnt, sse4a, tsc, tscinvbit, tscinv, bmi1

Memory: 4k page, physical 7830560k(637572k free), swap 10592860k(4848k free)

vm_info: Java HotSpot(TM) 64-Bit Server VM (25.144-b01) for windows-amd64 JRE (1.8.0_144-b01), built on Jul 21 2017 21:57:33 by "java_re" with MS VC++ 10.0 (VS2010)

time: Thu Feb 01 01:49:28 2018
elapsed time: 10699 seconds (0d 2h 58m 19s)

