#
# There is insufficient memory for the Java Runtime Environment to continue.
# Native memory allocation (malloc) failed to allocate 32744 bytes for ChunkPool::allocate
# Possible reasons:
#   The system is out of physical RAM or swap space
#   In 32 bit mode, the process size limit was hit
# Possible solutions:
#   Reduce memory load on the system
#   Increase physical memory or swap space
#   Check if swap backing store is full
#   Use 64 bit Java on a 64 bit OS
#   Decrease Java heap size (-Xmx/-Xms)
#   Decrease number of Java threads
#   Decrease Java thread stack sizes (-Xss)
#   Set larger code cache with -XX:ReservedCodeCacheSize=
# This output file may be truncated or incomplete.
#
#  Out of Memory Error (allocation.cpp:273), pid=9516, tid=0x00000000000029dc
#
# JRE version: Java(TM) SE Runtime Environment (8.0_144-b01) (build 1.8.0_144-b01)
# Java VM: Java HotSpot(TM) 64-Bit Server VM (25.144-b01 mixed mode windows-amd64 compressed oops)
# Failed to write core dump. Minidumps are not enabled by default on client versions of Windows
#

---------------  T H R E A D  ---------------

Current thread (0x0000000002108000):  JavaThread "main" [_thread_in_vm, id=10716, stack(0x00000000024c0000,0x00000000025c0000)]

Stack: [0x00000000024c0000,0x00000000025c0000]
[error occurred during error reporting (printing stack bounds), id 0xc0000005]

Native frames: (J=compiled Java code, j=interpreted, Vv=VM code, C=native code)

Java frames: (J=compiled Java code, j=interpreted, Vv=VM code)
J 360  java.lang.ClassLoader.defineClass1(Ljava/lang/String;[BIILjava/security/ProtectionDomain;Ljava/lang/String;)Ljava/lang/Class; (0 bytes) @ 0x0000000002a701df [0x0000000002a70140+0x9f]
J 351 C1 java.lang.ClassLoader.defineClass(Ljava/lang/String;[BIILjava/security/ProtectionDomain;)Ljava/lang/Class; (43 bytes) @ 0x0000000002a6eecc [0x0000000002a6e900+0x5cc]
J 236 C1 java.net.URLClassLoader.defineClass(Ljava/lang/String;Lsun/misc/Resource;)Ljava/lang/Class; (142 bytes) @ 0x0000000002a201d4 [0x0000000002a1e700+0x1ad4]
J 165 C1 java.net.URLClassLoader$1.run()Ljava/lang/Class; (63 bytes) @ 0x00000000029f396c [0x00000000029f36a0+0x2cc]
J 164 C1 java.net.URLClassLoader$1.run()Ljava/lang/Object; (5 bytes) @ 0x00000000029f330c [0x00000000029f3280+0x8c]
v  ~StubRoutines::call_stub
J 118  java.security.AccessController.doPrivileged(Ljava/security/PrivilegedExceptionAction;Ljava/security/AccessControlContext;)Ljava/lang/Object; (0 bytes) @ 0x00000000029d8126 [0x00000000029d80c0+0x66]
J 139 C1 java.net.URLClassLoader.findClass(Ljava/lang/String;)Ljava/lang/Class; (47 bytes) @ 0x00000000029e3b44 [0x00000000029e39c0+0x184]
J 113 C1 java.lang.ClassLoader.loadClass(Ljava/lang/String;Z)Ljava/lang/Class; (122 bytes) @ 0x00000000029d374c [0x00000000029d2e00+0x94c]
J 169 C1 java.lang.ClassLoader.loadClass(Ljava/lang/String;)Ljava/lang/Class; (7 bytes) @ 0x00000000029fafc4 [0x00000000029faec0+0x104]
v  ~StubRoutines::call_stub
j  scala.LowPriorityImplicits.wrapRefArray([Ljava/lang/Object;)Lscala/collection/mutable/WrappedArray;+19
j  sbt.internal.CommandStrings$.<init>()V+99
j  sbt.internal.CommandStrings$.<clinit>()V+3
v  ~StubRoutines::call_stub
j  sbt.BuiltinCommands$.defaults()Lsbt/Command;+3
j  sbt.xMain.run(Lxsbti/AppConfiguration;)Lxsbti/MainResult;+19
j  xsbt.boot.Launch$$anonfun$run$1.apply()Ljava/lang/Object;+10
j  xsbt.boot.Launch$.withContextLoader(Ljava/lang/ClassLoader;Lscala/Function0;)Ljava/lang/Object;+15
j  xsbt.boot.Launch$.run(Lxsbti/Launcher;Lxsbt/boot/RunConfiguration;)Lxsbti/MainResult;+97
j  xsbt.boot.Launch$$anonfun$apply$1.apply(Ljava/lang/Object;)Ljava/lang/Object;+16
j  xsbt.boot.Launch$.launch(Lscala/Function1;Lxsbt/boot/RunConfiguration;)Lscala/Option;+2
j  xsbt.boot.Launch$.apply(Lxsbt/boot/LauncherArguments;)Lscala/Option;+876
j  xsbt.boot.Boot$.runImpl(Lxsbt/boot/LauncherArguments;)Lscala/Option;+4
j  xsbt.boot.Boot$.main([Ljava/lang/String;)V+291
j  xsbt.boot.Boot.main([Ljava/lang/String;)V+4
v  ~StubRoutines::call_stub

---------------  P R O C E S S  ---------------

Java Threads: ( => current thread )
  0x0000000056a1e800 JavaThread "Service Thread" daemon [_thread_blocked, id=7572, stack(0x0000000057170000,0x0000000057270000)]
  0x00000000551dd000 JavaThread "C1 CompilerThread2" daemon [_thread_blocked, id=5492, stack(0x0000000056fe0000,0x00000000570e0000)]
  0x00000000551dc000 JavaThread "C2 CompilerThread1" daemon [_thread_blocked, id=9768, stack(0x0000000056ed0000,0x0000000056fd0000)]
  0x00000000551d7800 JavaThread "C2 CompilerThread0" daemon [_thread_blocked, id=11392, stack(0x00000000568a0000,0x00000000569a0000)]
  0x00000000551d3000 JavaThread "Attach Listener" daemon [_thread_blocked, id=2244, stack(0x0000000056370000,0x0000000056470000)]
  0x00000000551d1800 JavaThread "Signal Dispatcher" daemon [_thread_blocked, id=3584, stack(0x0000000056630000,0x0000000056730000)]
  0x00000000551ba800 JavaThread "Finalizer" daemon [_thread_blocked, id=3440, stack(0x0000000056480000,0x0000000056580000)]
  0x0000000055173000 JavaThread "Reference Handler" daemon [_thread_blocked, id=9624, stack(0x0000000056270000,0x0000000056370000)]
=>0x0000000002108000 JavaThread "main" [_thread_in_vm, id=10716, stack(0x00000000024c0000,0x00000000025c0000)]

Other Threads:
  0x000000005516b800 VMThread [stack: 0x0000000055fb0000,0x00000000560b0000] [id=8748]
  0x0000000056a26800 WatcherThread [stack: 0x0000000056790000,0x0000000056890000] [id=7892]

VM state:not at safepoint (normal execution)

VM Mutex/Monitor currently owned by a thread: None

Heap:
 PSYoungGen      total 153088K, used 36930K [0x00000000eab00000, 0x00000000f5580000, 0x0000000100000000)
  eden space 131584K, 28% used [0x00000000eab00000,0x00000000ecf10950,0x00000000f2b80000)
  from space 21504K, 0% used [0x00000000f4080000,0x00000000f4080000,0x00000000f5580000)
  to   space 21504K, 0% used [0x00000000f2b80000,0x00000000f2b80000,0x00000000f4080000)
 ParOldGen       total 349696K, used 0K [0x00000000c0000000, 0x00000000d5580000, 0x00000000eab00000)
  object space 349696K, 0% used [0x00000000c0000000,0x00000000c0000000,0x00000000d5580000)
 Metaspace       used 12046K, capacity 12454K, committed 12800K, reserved 1060864K
  class space    used 1520K, capacity 1676K, committed 1792K, reserved 1048576K

Card table byte_map: [0x0000000011c50000,0x0000000011e60000] byte_map_base: 0x0000000011650000

Marking Bits: (ParMarkBitMap*) 0x0000000070ddd850
 Begin Bits: [0x00000000125e0000, 0x00000000135e0000)
 End Bits:   [0x00000000135e0000, 0x00000000145e0000)

Polling page: 0x0000000000150000

CodeCache: size=245760Kb used=2771Kb max_used=2772Kb free=242988Kb
 bounds [0x0000000002890000, 0x0000000002b50000, 0x0000000011890000]
 total_blobs=1034 nmethods=693 adapters=255
 compilation: enabled

Compilation events (10 events):
Event: 2.983 Thread 0x00000000551dd000  689       3       java.util.HashSet::add (20 bytes)
Event: 2.983 Thread 0x00000000551dd000 nmethod 689 0x0000000002b43310 code [0x0000000002b43480, 0x0000000002b43708]
Event: 2.985 Thread 0x00000000551dd000  690       3       java.lang.String::<init> (100 bytes)
Event: 2.986 Thread 0x00000000551dd000 nmethod 690 0x0000000002b42950 code [0x0000000002b42b00, 0x0000000002b42fe8]
Event: 2.990 Thread 0x00000000551dd000  691       3       sun.misc.ASCIICaseInsensitiveComparator::lowerCaseHashCode (36 bytes)
Event: 2.991 Thread 0x00000000551dd000 nmethod 691 0x0000000002b41e10 code [0x0000000002b41fc0, 0x0000000002b42628]
Event: 3.001 Thread 0x00000000551dd000  692       3       jdk.internal.org.objectweb.asm.ByteVector::putByteArray (49 bytes)
Event: 3.002 Thread 0x00000000551dd000 nmethod 692 0x0000000002b41850 code [0x0000000002b419c0, 0x0000000002b41cf8]
Event: 3.003 Thread 0x00000000551dd000  693       3       java.lang.invoke.LambdaForm::uncustomize (58 bytes)
Event: 3.003 Thread 0x00000000551dd000 nmethod 693 0x0000000002b41390 code [0x0000000002b41500, 0x0000000002b417b0]

GC Heap History (0 events):
No events

Deoptimization events (3 events):
Event: 1.387 Thread 0x0000000002108000 Uncommon trap: reason=unstable_if action=reinterpret pc=0x0000000002a2757c method=java.lang.String.indexOf([CII[CIII)I @ 3
Event: 1.910 Thread 0x0000000002108000 Uncommon trap: reason=unstable_if action=reinterpret pc=0x0000000002a442c0 method=sun.nio.cs.UTF_8$Encoder.encode([CII[B)I @ 33
Event: 2.021 Thread 0x0000000002108000 Uncommon trap: reason=unstable_if action=reinterpret pc=0x0000000002a57930 method=sun.nio.cs.UTF_8$Decoder.decode([BII[C)I @ 30

Internal exceptions (8 events):
Event: 0.153 Thread 0x0000000002108000 Exception <a 'java/lang/NoSuchMethodError': Method sun.misc.Unsafe.defineClass(Ljava/lang/String;[BII)Ljava/lang/Class; name or signature does not match> (0x00000000eab07ca8) thrown at [C:\re\workspace\8-2-build-windows-amd64-cygwin\jdk8u144\9417\hotspot\
Event: 0.153 Thread 0x0000000002108000 Exception <a 'java/lang/NoSuchMethodError': Method sun.misc.Unsafe.prefetchRead(Ljava/lang/Object;J)V name or signature does not match> (0x00000000eab07f90) thrown at [C:\re\workspace\8-2-build-windows-amd64-cygwin\jdk8u144\9417\hotspot\src\share\vm\prims
Event: 0.723 Thread 0x0000000002108000 Exception <a 'java/security/PrivilegedActionException'> (0x00000000eb0d02a0) thrown at [C:\re\workspace\8-2-build-windows-amd64-cygwin\jdk8u144\9417\hotspot\src\share\vm\prims\jvm.cpp, line 1390]
Event: 0.723 Thread 0x0000000002108000 Exception <a 'java/security/PrivilegedActionException'> (0x00000000eb0d04b0) thrown at [C:\re\workspace\8-2-build-windows-amd64-cygwin\jdk8u144\9417\hotspot\src\share\vm\prims\jvm.cpp, line 1390]
Event: 0.727 Thread 0x0000000002108000 Exception <a 'java/security/PrivilegedActionException'> (0x00000000eb0d43c0) thrown at [C:\re\workspace\8-2-build-windows-amd64-cygwin\jdk8u144\9417\hotspot\src\share\vm\prims\jvm.cpp, line 1390]
Event: 0.727 Thread 0x0000000002108000 Exception <a 'java/security/PrivilegedActionException'> (0x00000000eb0d45d0) thrown at [C:\re\workspace\8-2-build-windows-amd64-cygwin\jdk8u144\9417\hotspot\src\share\vm\prims\jvm.cpp, line 1390]
Event: 2.306 Thread 0x0000000002108000 Exception <a 'java/lang/NoSuchFieldError': method resolution failed> (0x00000000ec41bfe8) thrown at [C:\re\workspace\8-2-build-windows-amd64-cygwin\jdk8u144\9417\hotspot\src\share\vm\prims\methodHandles.cpp, line 1146]
Event: 2.320 Thread 0x0000000002108000 Exception <a 'java/lang/NoSuchFieldError': method resolution failed> (0x00000000ec429758) thrown at [C:\re\workspace\8-2-build-windows-amd64-cygwin\jdk8u144\9417\hotspot\src\share\vm\prims\methodHandles.cpp, line 1146]

Events (10 events):
Event: 3.007 loading class sbt/State
Event: 3.007 loading class sbt/State done
Event: 3.007 loading class scala/Function1
Event: 3.007 loading class scala/Function1 done
Event: 3.024 loading class java/util/regex/Pattern$SliceS
Event: 3.024 loading class java/util/regex/Pattern$SliceS done
Event: 3.024 loading class sbt/Command$
Event: 3.024 loading class sbt/Command$ done
Event: 3.027 loading class sbt/internal/CommandStrings$
Event: 3.027 loading class sbt/internal/CommandStrings$ done


Dynamic libraries:
0x000000013f9c0000 - 0x000000013f9f7000 	C:\Program Files\Java\jdk1.8.0_144\bin\java.exe
0x0000000077c40000 - 0x0000000077dea000 	C:\Windows\SYSTEM32\ntdll.dll
0x0000000077b20000 - 0x0000000077c3f000 	C:\Windows\system32\kernel32.dll
0x000007fefdee0000 - 0x000007fefdf4a000 	C:\Windows\system32\KERNELBASE.dll
0x000007fefe240000 - 0x000007fefe31b000 	C:\Windows\system32\ADVAPI32.dll
0x000007feff910000 - 0x000007feff9af000 	C:\Windows\system32\msvcrt.dll
0x000007feff670000 - 0x000007feff68f000 	C:\Windows\SYSTEM32\sechost.dll
0x000007fefe7b0000 - 0x000007fefe8dd000 	C:\Windows\system32\RPCRT4.dll
0x0000000077a20000 - 0x0000000077b1a000 	C:\Windows\system32\USER32.dll
0x000007fefdf70000 - 0x000007fefdfd7000 	C:\Windows\system32\GDI32.dll
0x000007fefe3c0000 - 0x000007fefe3ce000 	C:\Windows\system32\LPK.dll
0x000007fefe3d0000 - 0x000007fefe49a000 	C:\Windows\system32\USP10.dll
0x000007fefc660000 - 0x000007fefc854000 	C:\Windows\WinSxS\amd64_microsoft.windows.common-controls_6595b64144ccf1df_6.0.7601.18837_none_fa3b1e3d17594757\COMCTL32.dll
0x000007feffe40000 - 0x000007feffeb1000 	C:\Windows\system32\SHLWAPI.dll
0x000007feff690000 - 0x000007feff6be000 	C:\Windows\system32\IMM32.DLL
0x000007feff7a0000 - 0x000007feff8a9000 	C:\Windows\system32\MSCTF.dll
0x00000000583a0000 - 0x0000000058472000 	C:\Program Files\Java\jdk1.8.0_144\jre\bin\msvcr100.dll
0x00000000705c0000 - 0x0000000070e5d000 	C:\Program Files\Java\jdk1.8.0_144\jre\bin\server\jvm.dll
0x000007fef09a0000 - 0x000007fef09a9000 	C:\Windows\system32\WSOCK32.dll
0x000007feff9b0000 - 0x000007feff9fd000 	C:\Windows\system32\WS2_32.dll
0x000007fefff40000 - 0x000007fefff48000 	C:\Windows\system32\NSI.dll
0x000007fefaa70000 - 0x000007fefaaab000 	C:\Windows\system32\WINMM.dll
0x000007fefccf0000 - 0x000007fefccfc000 	C:\Windows\system32\VERSION.dll
0x0000000077e10000 - 0x0000000077e17000 	C:\Windows\system32\PSAPI.DLL
0x000000006ed00000 - 0x000000006ed0f000 	C:\Program Files\Java\jdk1.8.0_144\jre\bin\verify.dll
0x000000006e990000 - 0x000000006e9b9000 	C:\Program Files\Java\jdk1.8.0_144\jre\bin\java.dll
0x000000006e970000 - 0x000000006e986000 	C:\Program Files\Java\jdk1.8.0_144\jre\bin\zip.dll
0x000007fefe8e0000 - 0x000007feff66a000 	C:\Windows\system32\SHELL32.dll
0x000007feffa20000 - 0x000007feffc1c000 	C:\Windows\system32\ole32.dll
0x000007fefdba0000 - 0x000007fefdbaf000 	C:\Windows\system32\profapi.dll
0x000000006e950000 - 0x000000006e96a000 	C:\Program Files\Java\jdk1.8.0_144\jre\bin\net.dll
0x000007fefd4e0000 - 0x000007fefd535000 	C:\Windows\system32\mswsock.dll
0x000007fefd5e0000 - 0x000007fefd5e7000 	C:\Windows\System32\wship6.dll
0x000000006e900000 - 0x000000006e911000 	C:\Program Files\Java\jdk1.8.0_144\jre\bin\nio.dll
0x000007fefd360000 - 0x000007fefd378000 	C:\Windows\system32\CRYPTSP.dll
0x000007fefd100000 - 0x000007fefd147000 	C:\Windows\system32\rsaenh.dll
0x000007fefcee0000 - 0x000007fefcefe000 	C:\Windows\system32\USERENV.dll
0x000007fefda90000 - 0x000007fefda9f000 	C:\Windows\system32\CRYPTBASE.dll
0x000007fefb330000 - 0x000007fefb357000 	C:\Windows\system32\IPHLPAPI.DLL
0x000007fefb320000 - 0x000007fefb32b000 	C:\Windows\system32\WINNSI.DLL
0x000007fefab70000 - 0x000007fefab81000 	C:\Windows\system32\dhcpcsvc6.DLL
0x000007fefab50000 - 0x000007fefab68000 	C:\Windows\system32\dhcpcsvc.DLL
0x000007fef1700000 - 0x000007fef170a000 	C:\Users\Alexander\AppData\Local\Temp\jansi-64-1-7368674708563490036.11

VM Arguments:
jvm_args: -Dfile.encoding=UTF8 -Djline.terminal=none -Dsbt.log.noformat=true -Dsbt.global.base=C:\Users\Alexander\AppData\Local\Temp\sbt-global-plugin13235stub -Xms512M -Xmx1024M -Xss1M -XX:+CMSClassUnloadingEnabled -XX:MaxPermSize=256M 
java_command: xsbt.boot.Boot project root ~run
java_class_path (initial): C:\Users\Alexander\.IntelliJIdea2017.2\config\plugins\Scala\launcher\sbt-launch.jar
Launcher Type: SUN_STANDARD

Environment Variables:
PATH=C:\Program Files\Java\jdk1.8.0_144\bin;C:\ProgramData\Oracle\Java\javapath;C:\Windows\system32;C:\Windows;C:\Windows\System32\Wbem;C:\Windows\System32\WindowsPowerShell\v1.0\;C:\Program Files (x86)\Brackets\command;C:\Program Files\Git\cmd;C;C:\Program Files\PuTTY\;C:\Program Files\MiKTeX 2.9\miktex\bin\x64\;C:\Program Files (x86)\sbt\bin;C:\Users\Alexander\AppData\Local\Programs\Python\Python36-32\Scripts\;C:\Users\Alexander\AppData\Local\Programs\Python\Python36-32\;C:\Program Files\Java\jdk1.8.0_144\bin;C:\ProgramData\Oracle\Java\javapath;C:\Windows\system32;C:\Windows;C:\Windows\System32\Wbem;C:\Windows\System32\WindowsPowerShell\v1.0\;C:\Program Files (x86)\Brackets\command;C:\Program Files\Git\cmd;C;C:\Program Files\PuTTY\;C:\Program Files\MiKTeX 2.9\miktex\bin\x64\;C:\Program Files (x86)\sbt\bin;c:\python27;c:\python27\Scripts;C:\Python27;C:\Users\Alexander\adb;C;
USERNAME=Alexander
OS=Windows_NT
PROCESSOR_IDENTIFIER=AMD64 Family 21 Model 101 Stepping 1, AuthenticAMD



---------------  S Y S T E M  ---------------

OS: Windows 7 , 64 bit Build 7601 (6.1.7601.23714)

CPU:total 4 (initial active 4) (4 cores per cpu, 1 threads per core) family 21 model 101 stepping 1, cmov, cx8, fxsr, mmx, sse, sse2, sse3, ssse3, sse4.1, sse4.2, popcnt, avx, avx2, aes, clmul, mmxext, 3dnowpref, lzcnt, sse4a, tsc, tscinvbit, tscinv, bmi1

Memory: 4k page, physical 7830560k(228380k free), swap 11808672k(5132k free)

vm_info: Java HotSpot(TM) 64-Bit Server VM (25.144-b01) for windows-amd64 JRE (1.8.0_144-b01), built on Jul 21 2017 21:57:33 by "java_re" with MS VC++ 10.0 (VS2010)

time: Tue Jan 09 12:25:09 2018
elapsed time: 3 seconds (0d 0h 0m 3s)

